2025-05-25T19:07:53: 
2025-05-25T19:07:53: > trading-frontend@0.1.0 start
2025-05-25T19:07:53: > next start
2025-05-25T19:07:53: 
2025-05-25T19:07:56: 
2025-05-25T19:07:56: > trading-frontend@0.1.0 start
2025-05-25T19:07:56: > next start
2025-05-25T19:07:56: 
2025-05-25T19:07:59: 
2025-05-25T19:07:59: > trading-frontend@0.1.0 start
2025-05-25T19:07:59: > next start
2025-05-25T19:07:59: 
2025-05-25T19:08:02: 
2025-05-25T19:08:02: > trading-frontend@0.1.0 start
2025-05-25T19:08:02: > next start
2025-05-25T19:08:02: 
2025-05-25T19:08:04: 
2025-05-25T19:08:04: > trading-frontend@0.1.0 start
2025-05-25T19:08:04: > next start
2025-05-25T19:08:04: 
2025-05-25T19:08:07: 
2025-05-25T19:08:07: > trading-frontend@0.1.0 start
2025-05-25T19:08:07: > next start
2025-05-25T19:08:07: 
2025-05-25T19:08:10: 
2025-05-25T19:08:10: > trading-frontend@0.1.0 start
2025-05-25T19:08:10: > next start
2025-05-25T19:08:10: 
2025-05-25T19:08:13: 
2025-05-25T19:08:13: > trading-frontend@0.1.0 start
2025-05-25T19:08:13: > next start
2025-05-25T19:08:13: 
2025-05-25T19:08:16: 
2025-05-25T19:08:16: > trading-frontend@0.1.0 start
2025-05-25T19:08:16: > next start
2025-05-25T19:08:16: 
2025-05-25T19:08:18: 
2025-05-25T19:08:18: > trading-frontend@0.1.0 start
2025-05-25T19:08:18: > next start
2025-05-25T19:08:18: 
2025-05-25T19:11:02: 
2025-05-25T19:11:02: > trading-frontend@0.1.0 start
2025-05-25T19:11:02: > next start
2025-05-25T19:11:02: 
2025-05-25T19:11:05: 
2025-05-25T19:11:05: > trading-frontend@0.1.0 start
2025-05-25T19:11:05: > next start
2025-05-25T19:11:05: 
2025-05-25T19:11:08: 
2025-05-25T19:11:08: > trading-frontend@0.1.0 start
2025-05-25T19:11:08: > next start
2025-05-25T19:11:08: 
2025-05-25T19:11:11: 
2025-05-25T19:11:11: > trading-frontend@0.1.0 start
2025-05-25T19:11:11: > next start
2025-05-25T19:11:11: 
2025-05-25T19:11:14: 
2025-05-25T19:11:14: > trading-frontend@0.1.0 start
2025-05-25T19:11:14: > next start
2025-05-25T19:11:14: 
2025-05-25T19:11:17: 
2025-05-25T19:11:17: > trading-frontend@0.1.0 start
2025-05-25T19:11:17: > next start
2025-05-25T19:11:17: 
2025-05-25T19:11:19: 
2025-05-25T19:11:19: > trading-frontend@0.1.0 start
2025-05-25T19:11:19: > next start
2025-05-25T19:11:19: 
2025-05-25T19:11:22: 
2025-05-25T19:11:22: > trading-frontend@0.1.0 start
2025-05-25T19:11:22: > next start
2025-05-25T19:11:22: 
2025-05-25T19:11:25: 
2025-05-25T19:11:25: > trading-frontend@0.1.0 start
2025-05-25T19:11:25: > next start
2025-05-25T19:11:25: 
2025-05-25T19:11:28: 
2025-05-25T19:11:28: > trading-frontend@0.1.0 start
2025-05-25T19:11:28: > next start
2025-05-25T19:11:28: 
2025-05-25T19:11:45: 
2025-05-25T19:11:45: > trading-frontend@0.1.0 start
2025-05-25T19:11:45: > next start
2025-05-25T19:11:45: 
2025-05-25T19:11:48: 
2025-05-25T19:11:48: > trading-frontend@0.1.0 start
2025-05-25T19:11:48: > next start
2025-05-25T19:11:48: 
2025-05-25T19:11:51: 
2025-05-25T19:11:51: > trading-frontend@0.1.0 start
2025-05-25T19:11:51: > next start
2025-05-25T19:11:51: 
2025-05-25T19:11:54: 
2025-05-25T19:11:54: > trading-frontend@0.1.0 start
2025-05-25T19:11:54: > next start
2025-05-25T19:11:54: 
2025-05-25T19:11:57: 
2025-05-25T19:11:57: > trading-frontend@0.1.0 start
2025-05-25T19:11:57: > next start
2025-05-25T19:11:57: 
2025-05-25T19:11:59: 
2025-05-25T19:11:59: > trading-frontend@0.1.0 start
2025-05-25T19:11:59: > next start
2025-05-25T19:11:59: 
2025-05-25T19:12:02: 
2025-05-25T19:12:02: > trading-frontend@0.1.0 start
2025-05-25T19:12:02: > next start
2025-05-25T19:12:02: 
2025-05-25T19:12:05: 
2025-05-25T19:12:05: > trading-frontend@0.1.0 start
2025-05-25T19:12:05: > next start
2025-05-25T19:12:05: 
2025-05-25T19:12:08: 
2025-05-25T19:12:08: > trading-frontend@0.1.0 start
2025-05-25T19:12:08: > next start
2025-05-25T19:12:08: 
2025-05-25T19:12:10: 
2025-05-25T19:12:10: > trading-frontend@0.1.0 start
2025-05-25T19:12:10: > next start
2025-05-25T19:12:10: 
2025-05-25T19:12:11:    ▲ Next.js 15.3.2
2025-05-25T19:12:11:    - Local:        http://localhost:3000
2025-05-25T19:12:11:    - Network:      http://165.22.223.223:3000
2025-05-25T19:12:11: 
2025-05-25T19:12:11:  ✓ Starting...
2025-05-25T19:12:11:  ✓ Ready in 804ms
2025-05-25T19:12:13: 
2025-05-25T19:12:13: > trading-frontend@0.1.0 start
2025-05-25T19:12:13: > next start
2025-05-25T19:12:13: 
2025-05-25T19:12:16: 
2025-05-25T19:12:16: > trading-frontend@0.1.0 start
2025-05-25T19:12:16: > next start
2025-05-25T19:12:16: 
2025-05-25T19:12:19: 
2025-05-25T19:12:19: > trading-frontend@0.1.0 start
2025-05-25T19:12:19: > next start
2025-05-25T19:12:19: 
2025-05-25T19:12:22: 
2025-05-25T19:12:22: > trading-frontend@0.1.0 start
2025-05-25T19:12:22: > next start
2025-05-25T19:12:22: 
2025-05-25T19:12:24: 
2025-05-25T19:12:24: > trading-frontend@0.1.0 start
2025-05-25T19:12:24: > next start
2025-05-25T19:12:24: 
2025-05-25T19:12:27: 
2025-05-25T19:12:27: > trading-frontend@0.1.0 start
2025-05-25T19:12:27: > next start
2025-05-25T19:12:27: 
2025-05-25T19:12:30: 
2025-05-25T19:12:30: > trading-frontend@0.1.0 start
2025-05-25T19:12:30: > next start
2025-05-25T19:12:30: 
2025-05-25T19:12:33: 
2025-05-25T19:12:33: > trading-frontend@0.1.0 start
2025-05-25T19:12:33: > next start
2025-05-25T19:12:33: 
2025-05-25T19:12:35: 
2025-05-25T19:12:35: > trading-frontend@0.1.0 start
2025-05-25T19:12:35: > next start
2025-05-25T19:12:35: 
2025-05-25T19:12:55: 
2025-05-25T19:12:55: > trading-frontend@0.1.0 start
2025-05-25T19:12:55: > next start
2025-05-25T19:12:55: 
2025-05-25T19:12:57: 
2025-05-25T19:12:57: > trading-frontend@0.1.0 start
2025-05-25T19:12:57: > next start
2025-05-25T19:12:57: 
2025-05-25T19:13:00: 
2025-05-25T19:13:00: > trading-frontend@0.1.0 start
2025-05-25T19:13:00: > next start
2025-05-25T19:13:00: 
2025-05-25T19:13:03: 
2025-05-25T19:13:03: > trading-frontend@0.1.0 start
2025-05-25T19:13:03: > next start
2025-05-25T19:13:03: 
2025-05-25T19:13:06: 
2025-05-25T19:13:06: > trading-frontend@0.1.0 start
2025-05-25T19:13:06: > next start
2025-05-25T19:13:06: 
2025-05-25T19:13:08: 
2025-05-25T19:13:08: > trading-frontend@0.1.0 start
2025-05-25T19:13:08: > next start
2025-05-25T19:13:08: 
2025-05-25T19:13:11: 
2025-05-25T19:13:11: > trading-frontend@0.1.0 start
2025-05-25T19:13:11: > next start
2025-05-25T19:13:11: 
2025-05-25T19:13:14: 
2025-05-25T19:13:14: > trading-frontend@0.1.0 start
2025-05-25T19:13:14: > next start
2025-05-25T19:13:14: 
2025-05-25T19:13:16: 
2025-05-25T19:13:16: > trading-frontend@0.1.0 start
2025-05-25T19:13:16: > next start
2025-05-25T19:13:16: 
2025-05-25T19:13:19: 
2025-05-25T19:13:19: > trading-frontend@0.1.0 start
2025-05-25T19:13:19: > next start
2025-05-25T19:13:19: 
2025-05-25T19:15:45: 
2025-05-25T19:15:45: > trading-frontend@0.1.0 start
2025-05-25T19:15:45: > next start
2025-05-25T19:15:45: 
2025-05-25T19:15:48: 
2025-05-25T19:15:48: > trading-frontend@0.1.0 start
2025-05-25T19:15:48: > next start
2025-05-25T19:15:48: 
2025-05-25T19:15:50: 
2025-05-25T19:15:50: > trading-frontend@0.1.0 start
2025-05-25T19:15:50: > next start
2025-05-25T19:15:50: 
2025-05-25T19:15:53: 
2025-05-25T19:15:53: > trading-frontend@0.1.0 start
2025-05-25T19:15:53: > next start
2025-05-25T19:15:53: 
2025-05-25T19:15:56: 
2025-05-25T19:15:56: > trading-frontend@0.1.0 start
2025-05-25T19:15:56: > next start
2025-05-25T19:15:56: 
2025-05-25T19:15:58: 
2025-05-25T19:15:58: > trading-frontend@0.1.0 start
2025-05-25T19:15:58: > next start
2025-05-25T19:15:58: 
2025-05-25T19:16:01: 
2025-05-25T19:16:01: > trading-frontend@0.1.0 start
2025-05-25T19:16:01: > next start
2025-05-25T19:16:01: 
2025-05-25T19:16:04: 
2025-05-25T19:16:04: > trading-frontend@0.1.0 start
2025-05-25T19:16:04: > next start
2025-05-25T19:16:04: 
2025-05-25T19:16:07: 
2025-05-25T19:16:07: > trading-frontend@0.1.0 start
2025-05-25T19:16:07: > next start
2025-05-25T19:16:07: 
2025-05-25T19:16:09: 
2025-05-25T19:16:09: > trading-frontend@0.1.0 start
2025-05-25T19:16:09: > next start
2025-05-25T19:16:09: 
2025-05-25T19:16:12: 
2025-05-25T19:16:12: > trading-frontend@0.1.0 start
2025-05-25T19:16:12: > next start
2025-05-25T19:16:12: 
2025-05-25T19:16:15: 
2025-05-25T19:16:15: > trading-frontend@0.1.0 start
2025-05-25T19:16:15: > next start
2025-05-25T19:16:15: 
2025-05-25T19:16:17: 
2025-05-25T19:16:17: > trading-frontend@0.1.0 start
2025-05-25T19:16:17: > next start
2025-05-25T19:16:17: 
2025-05-25T19:16:20: 
2025-05-25T19:16:20: > trading-frontend@0.1.0 start
2025-05-25T19:16:20: > next start
2025-05-25T19:16:20: 
2025-05-25T19:16:23: 
2025-05-25T19:16:23: > trading-frontend@0.1.0 start
2025-05-25T19:16:23: > next start
2025-05-25T19:16:23: 
2025-05-25T19:16:26: 
2025-05-25T19:16:26: > trading-frontend@0.1.0 start
2025-05-25T19:16:26: > next start
2025-05-25T19:16:26: 
2025-05-25T19:16:28: 
2025-05-25T19:16:28: > trading-frontend@0.1.0 start
2025-05-25T19:16:28: > next start
2025-05-25T19:16:28: 
2025-05-25T19:16:31: 
2025-05-25T19:16:31: > trading-frontend@0.1.0 start
2025-05-25T19:16:31: > next start
2025-05-25T19:16:31: 
2025-05-25T19:16:34: 
2025-05-25T19:16:34: > trading-frontend@0.1.0 start
2025-05-25T19:16:34: > next start
2025-05-25T19:16:34: 
2025-05-25T19:16:48: 
2025-05-25T19:16:48: > trading-frontend@0.1.0 start
2025-05-25T19:16:48: > next start
2025-05-25T19:16:48: 
2025-05-25T19:16:51: 
2025-05-25T19:16:51: > trading-frontend@0.1.0 start
2025-05-25T19:16:51: > next start
2025-05-25T19:16:51: 
2025-05-25T19:16:53: 
2025-05-25T19:16:53: > trading-frontend@0.1.0 start
2025-05-25T19:16:53: > next start
2025-05-25T19:16:53: 
2025-05-25T19:16:56: 
2025-05-25T19:16:56: > trading-frontend@0.1.0 start
2025-05-25T19:16:56: > next start
2025-05-25T19:16:56: 
2025-05-25T19:16:59: 
2025-05-25T19:16:59: > trading-frontend@0.1.0 start
2025-05-25T19:16:59: > next start
2025-05-25T19:16:59: 
2025-05-25T19:17:02: 
2025-05-25T19:17:02: > trading-frontend@0.1.0 start
2025-05-25T19:17:02: > next start
2025-05-25T19:17:02: 
2025-05-25T19:17:05: 
2025-05-25T19:17:05: > trading-frontend@0.1.0 start
2025-05-25T19:17:05: > next start
2025-05-25T19:17:05: 
2025-05-25T19:17:08: 
2025-05-25T19:17:08: > trading-frontend@0.1.0 start
2025-05-25T19:17:08: > next start
2025-05-25T19:17:08: 
2025-05-25T19:17:10: 
2025-05-25T19:17:10: > trading-frontend@0.1.0 start
2025-05-25T19:17:10: > next start
2025-05-25T19:17:10: 
2025-05-25T19:17:13: 
2025-05-25T19:17:13: > trading-frontend@0.1.0 start
2025-05-25T19:17:13: > next start
2025-05-25T19:17:13: 
2025-05-25T19:27:53: 
2025-05-25T19:27:53: > trading-frontend@0.1.0 start
2025-05-25T19:27:53: > next start
2025-05-25T19:27:53: 
2025-05-25T19:27:56: 
2025-05-25T19:27:56: > trading-frontend@0.1.0 start
2025-05-25T19:27:56: > next start
2025-05-25T19:27:56: 
2025-05-25T19:28:29: 
2025-05-25T19:28:29: > trading-frontend@0.1.0 start
2025-05-25T19:28:29: > next start
2025-05-25T19:28:29: 
2025-05-25T19:28:33: 
2025-05-25T19:28:33: > trading-frontend@0.1.0 start
2025-05-25T19:28:33: > next start
2025-05-25T19:28:33: 
2025-05-25T19:28:39: 
2025-05-25T19:28:39: > trading-frontend@0.1.0 start
2025-05-25T19:28:39: > next start
2025-05-25T19:28:39: 
2025-05-25T19:28:43: 
2025-05-25T19:28:43: > trading-frontend@0.1.0 start
2025-05-25T19:28:43: > next start
2025-05-25T19:28:43: 
2025-05-25T19:28:46: 
2025-05-25T19:28:46: > trading-frontend@0.1.0 start
2025-05-25T19:28:46: > next start
2025-05-25T19:28:46: 
2025-05-25T19:28:47:    ▲ Next.js 15.3.2
2025-05-25T19:28:47:    - Local:        http://localhost:3000
2025-05-25T19:28:47:    - Network:      http://165.22.223.223:3000
2025-05-25T19:28:47: 
2025-05-25T19:28:47:  ✓ Starting...
2025-05-25T19:28:48:  ✓ Ready in 1709ms
2025-05-25T19:28:50: 
2025-05-25T19:28:50: > trading-frontend@0.1.0 start
2025-05-25T19:28:50: > next start
2025-05-25T19:28:50: 
2025-05-25T19:28:54: 
2025-05-25T19:28:54: > trading-frontend@0.1.0 start
2025-05-25T19:28:54: > next start
2025-05-25T19:28:54: 
2025-05-25T19:29:28: 
2025-05-25T19:29:28: > trading-frontend@0.1.0 start
2025-05-25T19:29:28: > next start
2025-05-25T19:29:28: 
2025-05-25T19:29:31: 
2025-05-25T19:29:31: > trading-frontend@0.1.0 start
2025-05-25T19:29:31: > next start
2025-05-25T19:29:31: 
2025-05-25T19:29:34: 
2025-05-25T19:29:34: > trading-frontend@0.1.0 start
2025-05-25T19:29:34: > next start
2025-05-25T19:29:34: 
2025-05-25T19:29:37: 
2025-05-25T19:29:37: > trading-frontend@0.1.0 start
2025-05-25T19:29:37: > next start
2025-05-25T19:29:37: 
2025-05-25T19:29:40: 
2025-05-25T19:29:40: > trading-frontend@0.1.0 start
2025-05-25T19:29:40: > next start
2025-05-25T19:29:40: 
2025-05-25T19:29:43: 
2025-05-25T19:29:43: > trading-frontend@0.1.0 start
2025-05-25T19:29:43: > next start
2025-05-25T19:29:43: 
2025-05-25T19:29:46: 
2025-05-25T19:29:46: > trading-frontend@0.1.0 start
2025-05-25T19:29:46: > next start
2025-05-25T19:29:46: 
2025-05-25T19:29:49: 
2025-05-25T19:29:49: > trading-frontend@0.1.0 start
2025-05-25T19:29:49: > next start
2025-05-25T19:29:49: 
2025-05-25T19:29:51: 
2025-05-25T19:29:51: > trading-frontend@0.1.0 start
2025-05-25T19:29:51: > next start
2025-05-25T19:29:51: 
2025-05-25T19:29:53: 
2025-05-25T19:29:53: > trading-frontend@0.1.0 start
2025-05-25T19:29:53: > next start
2025-05-25T19:29:53: 
2025-05-25T19:29:56: 
2025-05-25T19:29:56: > trading-frontend@0.1.0 start
2025-05-25T19:29:56: > next start
2025-05-25T19:29:56: 
2025-05-25T19:31:29: 
2025-05-25T19:31:29: > trading-frontend@0.1.0 start
2025-05-25T19:31:29: > next start
2025-05-25T19:31:29: 
2025-05-25T19:31:33: 
2025-05-25T19:31:33: > trading-frontend@0.1.0 start
2025-05-25T19:31:33: > next start
2025-05-25T19:31:33: 
2025-05-25T19:31:36: 
2025-05-25T19:31:36: > trading-frontend@0.1.0 start
2025-05-25T19:31:36: > next start
2025-05-25T19:31:36: 
2025-05-25T19:31:40: 
2025-05-25T19:31:40: > trading-frontend@0.1.0 start
2025-05-25T19:31:40: > next start
2025-05-25T19:31:40: 
2025-05-25T19:31:43: 
2025-05-25T19:31:43: > trading-frontend@0.1.0 start
2025-05-25T19:31:43: > next start
2025-05-25T19:31:43: 
2025-05-25T19:31:46: 
2025-05-25T19:31:46: > trading-frontend@0.1.0 start
2025-05-25T19:31:46: > next start
2025-05-25T19:31:46: 
2025-05-25T19:31:49: 
2025-05-25T19:31:49: > trading-frontend@0.1.0 start
2025-05-25T19:31:49: > next start
2025-05-25T19:31:49: 
2025-05-25T19:31:52: 
2025-05-25T19:31:52: > trading-frontend@0.1.0 start
2025-05-25T19:31:52: > next start
2025-05-25T19:31:52: 
2025-05-25T19:31:55: 
2025-05-25T19:31:55: > trading-frontend@0.1.0 start
2025-05-25T19:31:55: > next start
2025-05-25T19:31:55: 
2025-05-25T19:31:57: 
2025-05-25T19:31:57: > trading-frontend@0.1.0 start
2025-05-25T19:31:57: > next start
2025-05-25T19:31:57: 
2025-05-25T19:32:00: 
2025-05-25T19:32:00: > trading-frontend@0.1.0 start
2025-05-25T19:32:00: > next start
2025-05-25T19:32:00: 
2025-05-25T19:32:03: 
2025-05-25T19:32:03: > trading-frontend@0.1.0 start
2025-05-25T19:32:03: > next start
2025-05-25T19:32:03: 
2025-05-25T19:32:06: 
2025-05-25T19:32:06: > trading-frontend@0.1.0 start
2025-05-25T19:32:06: > next start
2025-05-25T19:32:06: 
2025-05-25T19:32:08: 
2025-05-25T19:32:08: > trading-frontend@0.1.0 start
2025-05-25T19:32:08: > next start
2025-05-25T19:32:08: 
2025-05-25T19:32:11: 
2025-05-25T19:32:11: > trading-frontend@0.1.0 start
2025-05-25T19:32:11: > next start
2025-05-25T19:32:11: 
2025-05-25T19:32:14: 
2025-05-25T19:32:14: > trading-frontend@0.1.0 start
2025-05-25T19:32:14: > next start
2025-05-25T19:32:14: 
2025-05-25T19:32:17: 
2025-05-25T19:32:17: > trading-frontend@0.1.0 start
2025-05-25T19:32:17: > next start
2025-05-25T19:32:17: 
2025-05-25T19:32:20: 
2025-05-25T19:32:20: > trading-frontend@0.1.0 start
2025-05-25T19:32:20: > next start
2025-05-25T19:32:20: 
2025-05-25T19:32:23: 
2025-05-25T19:32:23: > trading-frontend@0.1.0 start
2025-05-25T19:32:23: > next start
2025-05-25T19:32:23: 
2025-05-25T19:32:26: 
2025-05-25T19:32:26: > trading-frontend@0.1.0 start
2025-05-25T19:32:26: > next start
2025-05-25T19:32:26: 
2025-05-25T19:32:28: 
2025-05-25T19:32:28: > trading-frontend@0.1.0 start
2025-05-25T19:32:28: > next start
2025-05-25T19:32:28: 
2025-05-25T19:32:31: 
2025-05-25T19:32:31: > trading-frontend@0.1.0 start
2025-05-25T19:32:31: > next start
2025-05-25T19:32:31: 
2025-05-25T19:32:34: 
2025-05-25T19:32:34: > trading-frontend@0.1.0 start
2025-05-25T19:32:34: > next start
2025-05-25T19:32:34: 
2025-05-25T19:32:37: 
2025-05-25T19:32:37: > trading-frontend@0.1.0 start
2025-05-25T19:32:37: > next start
2025-05-25T19:32:37: 
2025-05-25T19:32:39: 
2025-05-25T19:32:39: > trading-frontend@0.1.0 start
2025-05-25T19:32:39: > next start
2025-05-25T19:32:39: 
2025-05-25T19:32:42: 
2025-05-25T19:32:42: > trading-frontend@0.1.0 start
2025-05-25T19:32:42: > next start
2025-05-25T19:32:42: 
2025-05-25T19:32:45: 
2025-05-25T19:32:45: > trading-frontend@0.1.0 start
2025-05-25T19:32:45: > next start
2025-05-25T19:32:45: 
2025-05-25T19:32:47: 
2025-05-25T19:32:47: > trading-frontend@0.1.0 start
2025-05-25T19:32:47: > next start
2025-05-25T19:32:47: 
2025-05-25T19:32:50: 
2025-05-25T19:32:50: > trading-frontend@0.1.0 start
2025-05-25T19:32:50: > next start
2025-05-25T19:32:50: 
2025-05-25T19:32:53: 
2025-05-25T19:32:53: > trading-frontend@0.1.0 start
2025-05-25T19:32:53: > next start
2025-05-25T19:32:53: 
2025-05-25T19:32:56: 
2025-05-25T19:32:56: > trading-frontend@0.1.0 start
2025-05-25T19:32:56: > next start
2025-05-25T19:32:56: 
2025-05-25T19:32:58: 
2025-05-25T19:32:58: > trading-frontend@0.1.0 start
2025-05-25T19:32:58: > next start
2025-05-25T19:32:58: 
2025-05-25T19:33:01: 
2025-05-25T19:33:01: > trading-frontend@0.1.0 start
2025-05-25T19:33:01: > next start
2025-05-25T19:33:01: 
2025-05-25T19:33:04: 
2025-05-25T19:33:04: > trading-frontend@0.1.0 start
2025-05-25T19:33:04: > next start
2025-05-25T19:33:04: 
2025-05-25T19:33:07: 
2025-05-25T19:33:07: > trading-frontend@0.1.0 start
2025-05-25T19:33:07: > next start
2025-05-25T19:33:07: 
2025-05-25T19:33:09: 
2025-05-25T19:33:09: > trading-frontend@0.1.0 start
2025-05-25T19:33:09: > next start
2025-05-25T19:33:09: 
2025-05-25T19:33:12: 
2025-05-25T19:33:12: > trading-frontend@0.1.0 start
2025-05-25T19:33:12: > next start
2025-05-25T19:33:12: 
2025-05-25T19:33:15: 
2025-05-25T19:33:15: > trading-frontend@0.1.0 start
2025-05-25T19:33:15: > next start
2025-05-25T19:33:15: 
2025-05-25T19:33:18: 
2025-05-25T19:33:18: > trading-frontend@0.1.0 start
2025-05-25T19:33:18: > next start
2025-05-25T19:33:18: 
2025-05-25T19:33:21: 
2025-05-25T19:33:21: > trading-frontend@0.1.0 start
2025-05-25T19:33:21: > next start
2025-05-25T19:33:21: 
2025-05-25T19:33:23: 
2025-05-25T19:33:23: > trading-frontend@0.1.0 start
2025-05-25T19:33:23: > next start
2025-05-25T19:33:23: 
2025-05-25T19:33:26: 
2025-05-25T19:33:26: > trading-frontend@0.1.0 start
2025-05-25T19:33:26: > next start
2025-05-25T19:33:26: 
2025-05-25T19:33:29: 
2025-05-25T19:33:29: > trading-frontend@0.1.0 start
2025-05-25T19:33:29: > next start
2025-05-25T19:33:29: 
2025-05-25T19:33:31: 
2025-05-25T19:33:31: > trading-frontend@0.1.0 start
2025-05-25T19:33:31: > next start
2025-05-25T19:33:31: 
2025-05-25T19:33:34: 
2025-05-25T19:33:34: > trading-frontend@0.1.0 start
2025-05-25T19:33:34: > next start
2025-05-25T19:33:34: 
2025-05-25T19:33:37: 
2025-05-25T19:33:37: > trading-frontend@0.1.0 start
2025-05-25T19:33:37: > next start
2025-05-25T19:33:37: 
2025-05-25T19:33:41: 
2025-05-25T19:33:41: > trading-frontend@0.1.0 start
2025-05-25T19:33:41: > next start
2025-05-25T19:33:41: 
2025-05-25T19:33:44: 
2025-05-25T19:33:44: > trading-frontend@0.1.0 start
2025-05-25T19:33:44: > next start
2025-05-25T19:33:44: 
2025-05-25T19:33:47: 
2025-05-25T19:33:47: > trading-frontend@0.1.0 start
2025-05-25T19:33:47: > next start
2025-05-25T19:33:47: 
2025-05-25T19:33:49: 
2025-05-25T19:33:49: > trading-frontend@0.1.0 start
2025-05-25T19:33:49: > next start
2025-05-25T19:33:49: 
2025-05-25T19:33:52: 
2025-05-25T19:33:52: > trading-frontend@0.1.0 start
2025-05-25T19:33:52: > next start
2025-05-25T19:33:52: 
2025-05-25T19:33:55: 
2025-05-25T19:33:55: > trading-frontend@0.1.0 start
2025-05-25T19:33:55: > next start
2025-05-25T19:33:55: 
2025-05-25T19:33:57: 
2025-05-25T19:33:57: > trading-frontend@0.1.0 start
2025-05-25T19:33:57: > next start
2025-05-25T19:33:57: 
2025-05-25T19:34:00: 
2025-05-25T19:34:00: > trading-frontend@0.1.0 start
2025-05-25T19:34:00: > next start
2025-05-25T19:34:00: 
2025-05-25T19:34:03: 
2025-05-25T19:34:03: > trading-frontend@0.1.0 start
2025-05-25T19:34:03: > next start
2025-05-25T19:34:03: 
2025-05-25T19:34:06: 
2025-05-25T19:34:06: > trading-frontend@0.1.0 start
2025-05-25T19:34:06: > next start
2025-05-25T19:34:06: 
2025-05-25T19:34:09: 
2025-05-25T19:34:09: > trading-frontend@0.1.0 start
2025-05-25T19:34:09: > next start
2025-05-25T19:34:09: 
2025-05-25T19:34:11: 
2025-05-25T19:34:11: > trading-frontend@0.1.0 start
2025-05-25T19:34:11: > next start
2025-05-25T19:34:11: 
2025-05-25T19:34:15: 
2025-05-25T19:34:15: > trading-frontend@0.1.0 start
2025-05-25T19:34:15: > next start
2025-05-25T19:34:15: 
2025-05-25T19:34:18: 
2025-05-25T19:34:18: > trading-frontend@0.1.0 start
2025-05-25T19:34:18: > next start
2025-05-25T19:34:18: 
2025-05-25T19:34:20: 
2025-05-25T19:34:20: > trading-frontend@0.1.0 start
2025-05-25T19:34:20: > next start
2025-05-25T19:34:20: 
2025-05-25T19:34:23: 
2025-05-25T19:34:23: > trading-frontend@0.1.0 start
2025-05-25T19:34:23: > next start
2025-05-25T19:34:23: 
2025-05-25T19:34:26: 
2025-05-25T19:34:26: > trading-frontend@0.1.0 start
2025-05-25T19:34:26: > next start
2025-05-25T19:34:26: 
2025-05-25T19:34:29: 
2025-05-25T19:34:29: > trading-frontend@0.1.0 start
2025-05-25T19:34:29: > next start
2025-05-25T19:34:29: 
2025-05-25T19:34:31: 
2025-05-25T19:34:31: > trading-frontend@0.1.0 start
2025-05-25T19:34:31: > next start
2025-05-25T19:34:31: 
2025-05-25T19:34:34: 
2025-05-25T19:34:34: > trading-frontend@0.1.0 start
2025-05-25T19:34:34: > next start
2025-05-25T19:34:34: 
2025-05-25T19:34:37: 
2025-05-25T19:34:37: > trading-frontend@0.1.0 start
2025-05-25T19:34:37: > next start
2025-05-25T19:34:37: 
2025-05-25T19:34:40: 
2025-05-25T19:34:40: > trading-frontend@0.1.0 start
2025-05-25T19:34:40: > next start
2025-05-25T19:34:40: 
2025-05-25T19:34:42: 
2025-05-25T19:34:42: > trading-frontend@0.1.0 start
2025-05-25T19:34:42: > next start
2025-05-25T19:34:42: 
2025-05-25T19:34:45: 
2025-05-25T19:34:45: > trading-frontend@0.1.0 start
2025-05-25T19:34:45: > next start
2025-05-25T19:34:45: 
2025-05-25T19:34:48: 
2025-05-25T19:34:48: > trading-frontend@0.1.0 start
2025-05-25T19:34:48: > next start
2025-05-25T19:34:48: 
2025-05-25T19:34:51: 
2025-05-25T19:34:51: > trading-frontend@0.1.0 start
2025-05-25T19:34:51: > next start
2025-05-25T19:34:51: 
2025-05-25T19:34:53: 
2025-05-25T19:34:53: > trading-frontend@0.1.0 start
2025-05-25T19:34:53: > next start
2025-05-25T19:34:53: 
2025-05-25T19:34:56: 
2025-05-25T19:34:56: > trading-frontend@0.1.0 start
2025-05-25T19:34:56: > next start
2025-05-25T19:34:56: 
2025-05-25T19:34:59: 
2025-05-25T19:34:59: > trading-frontend@0.1.0 start
2025-05-25T19:34:59: > next start
2025-05-25T19:34:59: 
2025-05-25T19:35:02: 
2025-05-25T19:35:02: > trading-frontend@0.1.0 start
2025-05-25T19:35:02: > next start
2025-05-25T19:35:02: 
2025-05-25T19:35:05: 
2025-05-25T19:35:05: > trading-frontend@0.1.0 start
2025-05-25T19:35:05: > next start
2025-05-25T19:35:05: 
2025-05-25T19:35:08: 
2025-05-25T19:35:08: > trading-frontend@0.1.0 start
2025-05-25T19:35:08: > next start
2025-05-25T19:35:08: 
2025-05-25T19:35:10: 
2025-05-25T19:35:10: > trading-frontend@0.1.0 start
2025-05-25T19:35:10: > next start
2025-05-25T19:35:10: 
2025-05-25T19:35:13: 
2025-05-25T19:35:13: > trading-frontend@0.1.0 start
2025-05-25T19:35:13: > next start
2025-05-25T19:35:13: 
2025-05-25T19:35:14: 
2025-05-25T19:35:14: > trading-frontend@0.1.0 start
2025-05-25T19:35:14: > next start
2025-05-25T19:35:14: 
2025-05-25T19:35:17: 
2025-05-25T19:35:17: > trading-frontend@0.1.0 start
2025-05-25T19:35:17: > next start
2025-05-25T19:35:17: 
2025-05-25T19:35:20: 
2025-05-25T19:35:20: > trading-frontend@0.1.0 start
2025-05-25T19:35:20: > next start
2025-05-25T19:35:20: 
2025-05-25T19:35:23: 
2025-05-25T19:35:23: > trading-frontend@0.1.0 start
2025-05-25T19:35:23: > next start
2025-05-25T19:35:23: 
2025-05-25T19:35:26: 
2025-05-25T19:35:26: > trading-frontend@0.1.0 start
2025-05-25T19:35:26: > next start
2025-05-25T19:35:26: 
2025-05-25T19:35:29: 
2025-05-25T19:35:29: > trading-frontend@0.1.0 start
2025-05-25T19:35:29: > next start
2025-05-25T19:35:29: 
2025-05-25T19:35:32: 
2025-05-25T19:35:32: > trading-frontend@0.1.0 start
2025-05-25T19:35:32: > next start
2025-05-25T19:35:32: 
2025-05-25T19:35:34: 
2025-05-25T19:35:34: > trading-frontend@0.1.0 start
2025-05-25T19:35:34: > next start
2025-05-25T19:35:34: 
2025-05-25T19:35:37: 
2025-05-25T19:35:37: > trading-frontend@0.1.0 start
2025-05-25T19:35:37: > next start
2025-05-25T19:35:37: 
2025-05-25T20:01:15: 
2025-05-25T20:01:15: > trading-frontend@0.1.0 start
2025-05-25T20:01:15: > next start
2025-05-25T20:01:15: 
2025-05-25T20:01:17: 
2025-05-25T20:01:17: > trading-frontend@0.1.0 start
2025-05-25T20:01:17: > next start
2025-05-25T20:01:17: 
2025-05-25T20:01:20: 
2025-05-25T20:01:20: > trading-frontend@0.1.0 start
2025-05-25T20:01:20: > next start
2025-05-25T20:01:20: 
2025-05-25T20:01:23: 
2025-05-25T20:01:23: > trading-frontend@0.1.0 start
2025-05-25T20:01:23: > next start
2025-05-25T20:01:23: 
2025-05-25T20:01:25: 
2025-05-25T20:01:25: > trading-frontend@0.1.0 start
2025-05-25T20:01:25: > next start
2025-05-25T20:01:25: 
2025-05-25T20:01:28: 
2025-05-25T20:01:28: > trading-frontend@0.1.0 start
2025-05-25T20:01:28: > next start
2025-05-25T20:01:28: 
2025-05-25T20:01:31: 
2025-05-25T20:01:31: > trading-frontend@0.1.0 start
2025-05-25T20:01:31: > next start
2025-05-25T20:01:31: 
2025-05-25T20:01:34: 
2025-05-25T20:01:34: > trading-frontend@0.1.0 start
2025-05-25T20:01:34: > next start
2025-05-25T20:01:34: 
2025-05-25T20:01:36: 
2025-05-25T20:01:36: > trading-frontend@0.1.0 start
2025-05-25T20:01:36: > next start
2025-05-25T20:01:36: 
2025-05-25T20:01:39: 
2025-05-25T20:01:39: > trading-frontend@0.1.0 start
2025-05-25T20:01:39: > next start
2025-05-25T20:01:39: 
2025-05-25T20:02:46: 
2025-05-25T20:02:46: > trading-frontend@0.1.0 start
2025-05-25T20:02:46: > next start
2025-05-25T20:02:46: 
2025-05-25T20:02:50: 
2025-05-25T20:02:50: > trading-frontend@0.1.0 start
2025-05-25T20:02:50: > next start
2025-05-25T20:02:50: 
2025-05-25T20:02:53: 
2025-05-25T20:02:53: > trading-frontend@0.1.0 start
2025-05-25T20:02:53: > next start
2025-05-25T20:02:53: 
2025-05-25T20:02:55: 
2025-05-25T20:02:55: > trading-frontend@0.1.0 start
2025-05-25T20:02:55: > next start
2025-05-25T20:02:55: 
2025-05-25T20:02:58: 
2025-05-25T20:02:58: > trading-frontend@0.1.0 start
2025-05-25T20:02:58: > next start
2025-05-25T20:02:58: 
2025-05-25T20:03:01: 
2025-05-25T20:03:01: > trading-frontend@0.1.0 start
2025-05-25T20:03:01: > next start
2025-05-25T20:03:01: 
2025-05-25T20:03:04: 
2025-05-25T20:03:04: > trading-frontend@0.1.0 start
2025-05-25T20:03:04: > next start
2025-05-25T20:03:04: 
2025-05-25T20:03:07: 
2025-05-25T20:03:07: > trading-frontend@0.1.0 start
2025-05-25T20:03:07: > next start
2025-05-25T20:03:07: 
2025-05-25T20:03:09: 
2025-05-25T20:03:09: > trading-frontend@0.1.0 start
2025-05-25T20:03:09: > next start
2025-05-25T20:03:09: 
2025-05-25T20:03:12: 
2025-05-25T20:03:12: > trading-frontend@0.1.0 start
2025-05-25T20:03:12: > next start
2025-05-25T20:03:12: 
2025-05-25T20:03:27: 
2025-05-25T20:03:27: > trading-frontend@0.1.0 start
2025-05-25T20:03:27: > next start
2025-05-25T20:03:27: 
2025-05-25T20:03:29: 
2025-05-25T20:03:29: > trading-frontend@0.1.0 start
2025-05-25T20:03:29: > next start
2025-05-25T20:03:29: 
2025-05-25T20:03:32: 
2025-05-25T20:03:32: > trading-frontend@0.1.0 start
2025-05-25T20:03:32: > next start
2025-05-25T20:03:32: 
2025-05-25T20:03:35: 
2025-05-25T20:03:35: > trading-frontend@0.1.0 start
2025-05-25T20:03:35: > next start
2025-05-25T20:03:35: 
2025-05-25T20:03:38: 
2025-05-25T20:03:38: > trading-frontend@0.1.0 start
2025-05-25T20:03:38: > next start
2025-05-25T20:03:38: 
2025-05-25T20:03:40: 
2025-05-25T20:03:40: > trading-frontend@0.1.0 start
2025-05-25T20:03:40: > next start
2025-05-25T20:03:40: 
2025-05-25T20:03:43: 
2025-05-25T20:03:43: > trading-frontend@0.1.0 start
2025-05-25T20:03:43: > next start
2025-05-25T20:03:43: 
2025-05-25T20:03:46: 
2025-05-25T20:03:46: > trading-frontend@0.1.0 start
2025-05-25T20:03:46: > next start
2025-05-25T20:03:46: 
2025-05-25T20:03:48: 
2025-05-25T20:03:48: > trading-frontend@0.1.0 start
2025-05-25T20:03:48: > next start
2025-05-25T20:03:48: 
2025-05-25T20:03:51: 
2025-05-25T20:03:51: > trading-frontend@0.1.0 start
2025-05-25T20:03:51: > next start
2025-05-25T20:03:51: 
2025-05-25T20:04:13: 
2025-05-25T20:04:13: > trading-frontend@0.1.0 start
2025-05-25T20:04:13: > next start
2025-05-25T20:04:13: 
2025-05-25T20:04:16: 
2025-05-25T20:04:16: > trading-frontend@0.1.0 start
2025-05-25T20:04:16: > next start
2025-05-25T20:04:16: 
2025-05-25T20:04:19: 
2025-05-25T20:04:19: > trading-frontend@0.1.0 start
2025-05-25T20:04:19: > next start
2025-05-25T20:04:19: 
2025-05-25T20:04:22: 
2025-05-25T20:04:22: > trading-frontend@0.1.0 start
2025-05-25T20:04:22: > next start
2025-05-25T20:04:22: 
2025-05-25T20:04:24: 
2025-05-25T20:04:24: > trading-frontend@0.1.0 start
2025-05-25T20:04:24: > next start
2025-05-25T20:04:24: 
2025-05-25T20:04:27: 
2025-05-25T20:04:27: > trading-frontend@0.1.0 start
2025-05-25T20:04:27: > next start
2025-05-25T20:04:27: 
2025-05-25T20:04:30: 
2025-05-25T20:04:30: > trading-frontend@0.1.0 start
2025-05-25T20:04:30: > next start
2025-05-25T20:04:30: 
2025-05-25T20:04:33: 
2025-05-25T20:04:33: > trading-frontend@0.1.0 start
2025-05-25T20:04:33: > next start
2025-05-25T20:04:33: 
2025-05-25T20:04:36: 
2025-05-25T20:04:36: > trading-frontend@0.1.0 start
2025-05-25T20:04:36: > next start
2025-05-25T20:04:36: 
2025-05-25T20:04:38: 
2025-05-25T20:04:38: > trading-frontend@0.1.0 start
2025-05-25T20:04:38: > next start
2025-05-25T20:04:38: 
2025-05-25T20:04:59: 
2025-05-25T20:04:59: > trading-frontend@0.1.0 start
2025-05-25T20:04:59: > next start
2025-05-25T20:04:59: 
2025-05-25T20:05:02: 
2025-05-25T20:05:02: > trading-frontend@0.1.0 start
2025-05-25T20:05:02: > next start
2025-05-25T20:05:02: 
2025-05-25T20:05:05: 
2025-05-25T20:05:05: > trading-frontend@0.1.0 start
2025-05-25T20:05:05: > next start
2025-05-25T20:05:05: 
2025-05-25T20:05:08: 
2025-05-25T20:05:08: > trading-frontend@0.1.0 start
2025-05-25T20:05:08: > next start
2025-05-25T20:05:08: 
2025-05-25T20:05:10: 
2025-05-25T20:05:10: > trading-frontend@0.1.0 start
2025-05-25T20:05:10: > next start
2025-05-25T20:05:10: 
2025-05-25T20:05:13: 
2025-05-25T20:05:13: > trading-frontend@0.1.0 start
2025-05-25T20:05:13: > next start
2025-05-25T20:05:13: 
2025-05-25T20:05:16: 
2025-05-25T20:05:16: > trading-frontend@0.1.0 start
2025-05-25T20:05:16: > next start
2025-05-25T20:05:16: 
2025-05-25T20:05:19: 
2025-05-25T20:05:19: > trading-frontend@0.1.0 start
2025-05-25T20:05:19: > next start
2025-05-25T20:05:19: 
2025-05-25T20:05:21: 
2025-05-25T20:05:21: > trading-frontend@0.1.0 start
2025-05-25T20:05:21: > next start
2025-05-25T20:05:21: 
2025-05-25T20:05:24: 
2025-05-25T20:05:24: > trading-frontend@0.1.0 start
2025-05-25T20:05:24: > next start
2025-05-25T20:05:24: 
2025-05-25T20:06:02: 
2025-05-25T20:06:02: > trading-frontend@0.1.0 start
2025-05-25T20:06:02: > next start
2025-05-25T20:06:02: 
2025-05-25T20:06:05: 
2025-05-25T20:06:05: > trading-frontend@0.1.0 start
2025-05-25T20:06:05: > next start
2025-05-25T20:06:05: 
2025-05-25T20:06:08: 
2025-05-25T20:06:08: > trading-frontend@0.1.0 start
2025-05-25T20:06:08: > next start
2025-05-25T20:06:08: 
2025-05-25T20:06:10: 
2025-05-25T20:06:10: > trading-frontend@0.1.0 start
2025-05-25T20:06:10: > next start
2025-05-25T20:06:10: 
2025-05-25T20:06:13: 
2025-05-25T20:06:13: > trading-frontend@0.1.0 start
2025-05-25T20:06:13: > next start
2025-05-25T20:06:13: 
2025-05-25T20:06:16: 
2025-05-25T20:06:16: > trading-frontend@0.1.0 start
2025-05-25T20:06:16: > next start
2025-05-25T20:06:16: 
2025-05-25T20:06:19: 
2025-05-25T20:06:19: > trading-frontend@0.1.0 start
2025-05-25T20:06:19: > next start
2025-05-25T20:06:19: 
2025-05-25T20:06:21: 
2025-05-25T20:06:21: > trading-frontend@0.1.0 start
2025-05-25T20:06:21: > next start
2025-05-25T20:06:21: 
2025-05-25T20:06:24: 
2025-05-25T20:06:24: > trading-frontend@0.1.0 start
2025-05-25T20:06:24: > next start
2025-05-25T20:06:24: 
2025-05-25T20:06:27: 
2025-05-25T20:06:27: > trading-frontend@0.1.0 start
2025-05-25T20:06:27: > next start
2025-05-25T20:06:27: 
2025-05-25T20:07:18: 
2025-05-25T20:07:18: > trading-frontend@0.1.0 start
2025-05-25T20:07:18: > next start
2025-05-25T20:07:18: 
2025-05-25T20:07:21: 
2025-05-25T20:07:21: > trading-frontend@0.1.0 start
2025-05-25T20:07:21: > next start
2025-05-25T20:07:21: 
2025-05-25T20:07:21:    ▲ Next.js 15.3.2
2025-05-25T20:07:21:    - Local:        http://localhost:3000
2025-05-25T20:07:21:    - Network:      http://165.22.223.223:3000
2025-05-25T20:07:21: 
2025-05-25T20:07:21:  ✓ Starting...
2025-05-25T20:07:24: 
2025-05-25T20:07:24: > trading-frontend@0.1.0 start
2025-05-25T20:07:24: > next start
2025-05-25T20:07:24: 
2025-05-25T20:07:24:    ▲ Next.js 15.3.2
2025-05-25T20:07:24:    - Local:        http://localhost:3000
2025-05-25T20:07:24:    - Network:      http://165.22.223.223:3000
2025-05-25T20:07:24: 
2025-05-25T20:07:24:  ✓ Starting...
2025-05-25T20:07:27: 
2025-05-25T20:07:27: > trading-frontend@0.1.0 start
2025-05-25T20:07:27: > next start
2025-05-25T20:07:27: 
2025-05-25T20:07:27:    ▲ Next.js 15.3.2
2025-05-25T20:07:27:    - Local:        http://localhost:3000
2025-05-25T20:07:27:    - Network:      http://165.22.223.223:3000
2025-05-25T20:07:27: 
2025-05-25T20:07:27:  ✓ Starting...
2025-05-25T20:07:30: 
2025-05-25T20:07:30: > trading-frontend@0.1.0 start
2025-05-25T20:07:30: > next start
2025-05-25T20:07:30: 
2025-05-25T20:07:30:    ▲ Next.js 15.3.2
2025-05-25T20:07:30:    - Local:        http://localhost:3000
2025-05-25T20:07:30:    - Network:      http://165.22.223.223:3000
2025-05-25T20:07:30: 
2025-05-25T20:07:30:  ✓ Starting...
2025-05-25T20:07:33: 
2025-05-25T20:07:33: > trading-frontend@0.1.0 start
2025-05-25T20:07:33: > next start
2025-05-25T20:07:33: 
2025-05-25T20:07:33:    ▲ Next.js 15.3.2
2025-05-25T20:07:33:    - Local:        http://localhost:3000
2025-05-25T20:07:33:    - Network:      http://165.22.223.223:3000
2025-05-25T20:07:33: 
2025-05-25T20:07:33:  ✓ Starting...
2025-05-25T20:07:36: 
2025-05-25T20:07:36: > trading-frontend@0.1.0 start
2025-05-25T20:07:36: > next start
2025-05-25T20:07:36: 
2025-05-25T20:07:36:    ▲ Next.js 15.3.2
2025-05-25T20:07:36:    - Local:        http://localhost:3000
2025-05-25T20:07:36:    - Network:      http://165.22.223.223:3000
2025-05-25T20:07:36: 
2025-05-25T20:07:36:  ✓ Starting...
2025-05-25T20:07:39: 
2025-05-25T20:07:39: > trading-frontend@0.1.0 start
2025-05-25T20:07:39: > next start
2025-05-25T20:07:39: 
2025-05-25T20:07:39:    ▲ Next.js 15.3.2
2025-05-25T20:07:39:    - Local:        http://localhost:3000
2025-05-25T20:07:39:    - Network:      http://165.22.223.223:3000
2025-05-25T20:07:39: 
2025-05-25T20:07:39:  ✓ Starting...
2025-05-25T20:07:42: 
2025-05-25T20:07:42: > trading-frontend@0.1.0 start
2025-05-25T20:07:42: > next start
2025-05-25T20:07:42: 
2025-05-25T20:07:43:    ▲ Next.js 15.3.2
2025-05-25T20:07:43:    - Local:        http://localhost:3000
2025-05-25T20:07:43:    - Network:      http://165.22.223.223:3000
2025-05-25T20:07:43: 
2025-05-25T20:07:43:  ✓ Starting...
2025-05-25T20:07:45: 
2025-05-25T20:07:45: > trading-frontend@0.1.0 start
2025-05-25T20:07:45: > next start
2025-05-25T20:07:45: 
2025-05-25T20:07:46:    ▲ Next.js 15.3.2
2025-05-25T20:07:46:    - Local:        http://localhost:3000
2025-05-25T20:07:46:    - Network:      http://165.22.223.223:3000
2025-05-25T20:07:46: 
2025-05-25T20:07:46:  ✓ Starting...
2025-05-25T20:09:36: 
2025-05-25T20:09:36: > trading-frontend@0.1.0 start
2025-05-25T20:09:36: > next start
2025-05-25T20:09:36: 
2025-05-25T20:09:37:    ▲ Next.js 15.3.2
2025-05-25T20:09:37:    - Local:        http://localhost:3000
2025-05-25T20:09:37:    - Network:      http://165.22.223.223:3000
2025-05-25T20:09:37: 
2025-05-25T20:09:37:  ✓ Starting...
2025-05-25T20:09:37:  ✓ Ready in 711ms
2025-05-25T20:09:46: Login attempt for: 0987sujals@gmail.com
2025-05-25T20:09:52: Login attempt for: 0987sujals@gmail.com
2025-05-25T20:10:31: Login attempt for: 0987sujals@gmail.com
2025-05-25T20:10:45: 
2025-05-25T20:10:45: > trading-frontend@0.1.0 start
2025-05-25T20:10:45: > next start
2025-05-25T20:10:45: 
2025-05-25T20:10:45:    ▲ Next.js 15.3.2
2025-05-25T20:10:45:    - Local:        http://localhost:3000
2025-05-25T20:10:45:    - Network:      http://165.22.223.223:3000
2025-05-25T20:10:45: 
2025-05-25T20:10:45:  ✓ Starting...
2025-05-25T20:10:46:  ✓ Ready in 705ms
2025-05-25T20:10:49: Login attempt for: 0987sujals@gmail.com
2025-05-25T20:11:00: Login attempt for: 0987sujals@gmail.com
2025-05-25T20:11:40: Login attempt for: 0987sujals@gmail.com
2025-05-25T20:11:47: 
2025-05-25T20:11:47: > trading-frontend@0.1.0 start
2025-05-25T20:11:47: > next start
2025-05-25T20:11:47: 
2025-05-25T20:11:48:    ▲ Next.js 15.3.2
2025-05-25T20:11:48:    - Local:        http://localhost:3000
2025-05-25T20:11:48:    - Network:      http://165.22.223.223:3000
2025-05-25T20:11:48: 
2025-05-25T20:11:48:  ✓ Starting...
2025-05-25T20:11:48:  ✓ Ready in 641ms
2025-05-25T20:11:52: Login attempt for: 0987sujals@gmail.com
2025-05-25T20:20:45: 
2025-05-25T20:20:45: > trading-frontend@0.1.0 start
2025-05-25T20:20:45: > next start
2025-05-25T20:20:45: 
2025-05-25T20:20:46:    ▲ Next.js 15.3.2
2025-05-25T20:20:46:    - Local:        http://localhost:3000
2025-05-25T20:20:46:    - Network:      http://165.22.223.223:3000
2025-05-25T20:20:46: 
2025-05-25T20:20:46:  ✓ Starting...
2025-05-25T20:20:46:  ✓ Ready in 837ms
2025-05-25T20:23:49: Login attempt for: 0987sujals@gmail.com
2025-05-25T20:24:34: Login attempt for: 0987sujals@gmail.com
2025-05-25T20:24:40: 
2025-05-25T20:24:40: > trading-frontend@0.1.0 start
2025-05-25T20:24:40: > next start
2025-05-25T20:24:40: 
2025-05-25T20:24:40:    ▲ Next.js 15.3.2
2025-05-25T20:24:40:    - Local:        http://localhost:3000
2025-05-25T20:24:40:    - Network:      http://165.22.223.223:3000
2025-05-25T20:24:40: 
2025-05-25T20:24:40:  ✓ Starting...
2025-05-25T20:24:41:  ✓ Ready in 731ms
2025-05-25T20:26:23: 
2025-05-25T20:26:23: > trading-frontend@0.1.0 start
2025-05-25T20:26:23: > next start
2025-05-25T20:26:23: 
2025-05-25T20:26:23:    ▲ Next.js 15.3.2
2025-05-25T20:26:23:    - Local:        http://localhost:3000
2025-05-25T20:26:23:    - Network:      http://165.22.223.223:3000
2025-05-25T20:26:23: 
2025-05-25T20:26:23:  ✓ Starting...
2025-05-25T20:26:24:  ✓ Ready in 817ms
2025-05-25T20:26:28: ✅ Database connected successfully
2025-05-25T20:26:28: ✅ Simple query successful: { current_time: 2025-05-25T20:26:28.393Z }
2025-05-25T20:26:28: ✅ Users table check: [ { table_name: 'users' } ]
2025-05-25T20:26:28: ✅ Users table columns: [
2025-05-25T20:26:28:   { column_name: 'id' },
2025-05-25T20:26:28:   { column_name: 'username' },
2025-05-25T20:26:28:   { column_name: 'email' },
2025-05-25T20:26:28:   { column_name: 'hashed_password' },
2025-05-25T20:26:28:   { column_name: 'is_active' },
2025-05-25T20:26:28:   { column_name: 'created_at' },
2025-05-25T20:26:28:   { column_name: 'updated_at' }
2025-05-25T20:26:28: ]
2025-05-25T20:26:28: ✅ User check: [ { email: '0987sujals@gmail.com' } ]
2025-05-25T20:27:30: Login attempt for: 0987sujals@gmail.com
2025-05-25T20:27:30: User query result: 1
2025-05-25T20:27:31: Password valid: true
2025-05-25T20:27:31: ✅ User logged in: 0987sujals@gmail.com
2025-05-25T20:43:53: 
2025-05-25T20:43:53: > trading-frontend@0.1.0 start
2025-05-25T20:43:53: > next start
2025-05-25T20:43:53: 
2025-05-25T20:43:54:    ▲ Next.js 15.3.2
2025-05-25T20:43:54:    - Local:        http://localhost:3000
2025-05-25T20:43:54:    - Network:      http://165.22.223.223:3000
2025-05-25T20:43:54: 
2025-05-25T20:43:54:  ✓ Starting...
2025-05-25T20:43:54:  ✓ Ready in 972ms
2025-05-25T20:44:16: Middleware: Path=/login, Token=false, IsAuthenticated=false, LoginPage=true, SettingsPage=false
2025-05-25T20:44:19: Middleware: Path=/login, Token=false, IsAuthenticated=false, LoginPage=true, SettingsPage=false
2025-05-25T20:44:36: Middleware: Path=/login, Token=false, IsAuthenticated=false, LoginPage=true, SettingsPage=false
2025-05-25T20:44:40: Middleware: Path=/login, Token=false, IsAuthenticated=false, LoginPage=true, SettingsPage=false
2025-05-25T20:45:44: Middleware: Path=/login, Token=false, IsAuthenticated=false, LoginPage=true, SettingsPage=false
2025-05-25T20:45:51: Middleware: Path=/login, Token=false, IsAuthenticated=false, LoginPage=true, SettingsPage=false
2025-05-25T20:46:27: Middleware: Path=/login, Token=false, IsAuthenticated=false, LoginPage=true, SettingsPage=false
2025-05-25T20:46:30: Middleware: Path=/login, Token=false, IsAuthenticated=false, LoginPage=true, SettingsPage=false
2025-05-25T20:46:55: 
2025-05-25T20:46:55: > trading-frontend@0.1.0 start
2025-05-25T20:46:55: > next start
2025-05-25T20:46:55: 
2025-05-25T20:46:56:    ▲ Next.js 15.3.2
2025-05-25T20:46:56:    - Local:        http://localhost:3000
2025-05-25T20:46:56:    - Network:      http://165.22.223.223:3000
2025-05-25T20:46:56: 
2025-05-25T20:46:56:  ✓ Starting...
2025-05-25T20:46:57:  ✓ Ready in 1411ms
2025-05-25T20:47:05: Middleware: Path=/login, Token=false, IsAuthenticated=false, LoginPage=true, SettingsPage=false
2025-05-25T20:47:06: Middleware: Path=/login, Token=false, IsAuthenticated=false, LoginPage=true, SettingsPage=false
2025-05-25T20:47:09: Middleware: Path=/login, Token=false, IsAuthenticated=false, LoginPage=true, SettingsPage=false
2025-05-25T20:47:14: Middleware: Path=/settings, Token=true, IsAuthenticated=false, LoginPage=false, SettingsPage=true
2025-05-25T20:47:14: Middleware: Redirecting unauthenticated user from settings to login
2025-05-25T20:47:14: Middleware: Path=/login?t=1748206034332, Token=true, IsAuthenticated=false, LoginPage=true, SettingsPage=false
2025-05-25T20:53:41: 
2025-05-25T20:53:41: > trading-frontend@0.1.0 start
2025-05-25T20:53:41: > next start
2025-05-25T20:53:41: 
2025-05-25T20:53:42:    ▲ Next.js 15.3.2
2025-05-25T20:53:42:    - Local:        http://localhost:3000
2025-05-25T20:53:42:    - Network:      http://165.22.223.223:3000
2025-05-25T20:53:42: 
2025-05-25T20:53:42:  ✓ Starting...
2025-05-25T20:53:43:  ✓ Ready in 816ms
2025-05-25T20:53:52: Middleware: Path=/login, Token=false, IsAuthenticated=false, LoginPage=true, ProtectedPage=false
2025-05-25T20:53:57: Middleware: Path=/settings, Token=false, IsAuthenticated=false, LoginPage=false, ProtectedPage=true
2025-05-25T20:53:57: Middleware: Redirecting unauthenticated user from protected page to login
2025-05-25T20:54:04: Middleware: Path=/pnl, Token=true, IsAuthenticated=true, LoginPage=false, ProtectedPage=true
2025-05-25T20:54:05: Middleware: Path=/dashboard, Token=true, IsAuthenticated=true, LoginPage=false, ProtectedPage=true
2025-05-25T20:54:05: Middleware: Path=/orders, Token=true, IsAuthenticated=true, LoginPage=false, ProtectedPage=true
2025-05-25T20:54:05: Middleware: Path=/strategies, Token=true, IsAuthenticated=true, LoginPage=false, ProtectedPage=true
2025-05-25T20:54:05: Middleware: Path=/settings, Token=true, IsAuthenticated=true, LoginPage=false, ProtectedPage=true
2025-05-25T20:54:05: Middleware: Path=/portfolio, Token=true, IsAuthenticated=true, LoginPage=false, ProtectedPage=true
2025-05-25T20:54:10: Middleware: Path=/login, Token=false, IsAuthenticated=false, LoginPage=true, ProtectedPage=false
2025-05-25T20:54:20: Middleware: Path=/dashboard, Token=true, IsAuthenticated=true, LoginPage=false, ProtectedPage=true
2025-05-25T20:54:20: Middleware: Path=/strategies, Token=true, IsAuthenticated=true, LoginPage=false, ProtectedPage=true
2025-05-25T20:54:20: Middleware: Path=/orders, Token=true, IsAuthenticated=true, LoginPage=false, ProtectedPage=true
2025-05-25T20:54:20: Middleware: Path=/settings, Token=true, IsAuthenticated=true, LoginPage=false, ProtectedPage=true
2025-05-25T20:54:20: Middleware: Path=/portfolio, Token=true, IsAuthenticated=true, LoginPage=false, ProtectedPage=true
2025-05-25T20:54:20: Middleware: Path=/pnl, Token=true, IsAuthenticated=true, LoginPage=false, ProtectedPage=true
2025-05-26T04:34:57: Middleware: Path=/login, Token=false, IsAuthenticated=false, LoginPage=true, ProtectedPage=false
2025-05-26T04:35:15: Middleware: Path=/login, Token=false, IsAuthenticated=false, LoginPage=true, ProtectedPage=false
2025-05-26T04:35:24: Middleware: Path=/dashboard, Token=true, IsAuthenticated=true, LoginPage=false, ProtectedPage=true
2025-05-26T04:35:24: Middleware: Path=/settings?t=1748234124453, Token=true, IsAuthenticated=true, LoginPage=false, ProtectedPage=true
2025-05-26T04:35:24: Middleware: Path=/strategies, Token=true, IsAuthenticated=true, LoginPage=false, ProtectedPage=true
2025-05-26T04:35:24: Middleware: Path=/portfolio, Token=true, IsAuthenticated=true, LoginPage=false, ProtectedPage=true
2025-05-26T04:35:25: Middleware: Path=/orders, Token=true, IsAuthenticated=true, LoginPage=false, ProtectedPage=true
2025-05-26T04:35:25: Middleware: Path=/pnl, Token=true, IsAuthenticated=true, LoginPage=false, ProtectedPage=true
2025-05-26T04:35:25: Middleware: Path=/settings, Token=true, IsAuthenticated=true, LoginPage=false, ProtectedPage=true
2025-05-26T04:43:08: Middleware: Path=/strategies, Token=true, IsAuthenticated=true, LoginPage=false, ProtectedPage=true
2025-05-26T04:43:08: Middleware: Path=/dashboard, Token=true, IsAuthenticated=true, LoginPage=false, ProtectedPage=true
2025-05-26T04:43:08: Middleware: Path=/orders, Token=true, IsAuthenticated=true, LoginPage=false, ProtectedPage=true
2025-05-26T04:43:08: Middleware: Path=/portfolio, Token=true, IsAuthenticated=true, LoginPage=false, ProtectedPage=true
2025-05-26T04:43:08: Middleware: Path=/pnl, Token=true, IsAuthenticated=true, LoginPage=false, ProtectedPage=true
2025-05-26T04:43:08: Middleware: Path=/settings, Token=true, IsAuthenticated=true, LoginPage=false, ProtectedPage=true
2025-05-26T04:47:31: Middleware: Path=/strategies, Token=true, IsAuthenticated=true, LoginPage=false, ProtectedPage=true
2025-05-26T04:47:32: Middleware: Path=/dashboard, Token=true, IsAuthenticated=true, LoginPage=false, ProtectedPage=true
2025-05-26T04:47:32: Middleware: Path=/settings, Token=true, IsAuthenticated=true, LoginPage=false, ProtectedPage=true
2025-05-26T04:47:32: Middleware: Path=/orders, Token=true, IsAuthenticated=true, LoginPage=false, ProtectedPage=true
2025-05-26T04:47:32: Middleware: Path=/portfolio, Token=true, IsAuthenticated=true, LoginPage=false, ProtectedPage=true
2025-05-26T04:47:32: Middleware: Path=/pnl, Token=true, IsAuthenticated=true, LoginPage=false, ProtectedPage=true
2025-05-26T04:49:40: Middleware: Path=/orders, Token=true, IsAuthenticated=true, LoginPage=false, ProtectedPage=true
2025-05-26T04:49:40: Middleware: Path=/dashboard, Token=true, IsAuthenticated=true, LoginPage=false, ProtectedPage=true
2025-05-26T04:49:40: Middleware: Path=/strategies, Token=true, IsAuthenticated=true, LoginPage=false, ProtectedPage=true
2025-05-26T04:49:40: Middleware: Path=/portfolio, Token=true, IsAuthenticated=true, LoginPage=false, ProtectedPage=true
2025-05-26T04:49:40: Middleware: Path=/pnl, Token=true, IsAuthenticated=true, LoginPage=false, ProtectedPage=true
2025-05-26T04:49:40: Middleware: Path=/settings, Token=true, IsAuthenticated=true, LoginPage=false, ProtectedPage=true
2025-05-26T04:55:28: Middleware: Path=/strategies, Token=true, IsAuthenticated=true, LoginPage=false, ProtectedPage=true
2025-05-26T04:55:29: Middleware: Path=/dashboard, Token=true, IsAuthenticated=true, LoginPage=false, ProtectedPage=true
2025-05-26T04:55:29: Middleware: Path=/orders, Token=true, IsAuthenticated=true, LoginPage=false, ProtectedPage=true
2025-05-26T04:55:29: Middleware: Path=/portfolio, Token=true, IsAuthenticated=true, LoginPage=false, ProtectedPage=true
2025-05-26T04:55:29: Middleware: Path=/pnl, Token=true, IsAuthenticated=true, LoginPage=false, ProtectedPage=true
2025-05-26T04:55:29: Middleware: Path=/settings, Token=true, IsAuthenticated=true, LoginPage=false, ProtectedPage=true
2025-05-26T04:56:50: Middleware: Path=/strategies, Token=true, IsAuthenticated=true, LoginPage=false, ProtectedPage=true
2025-05-26T04:56:51: Middleware: Path=/orders, Token=true, IsAuthenticated=true, LoginPage=false, ProtectedPage=true
2025-05-26T04:56:51: Middleware: Path=/dashboard, Token=true, IsAuthenticated=true, LoginPage=false, ProtectedPage=true
2025-05-26T04:56:51: Middleware: Path=/portfolio, Token=true, IsAuthenticated=true, LoginPage=false, ProtectedPage=true
2025-05-26T04:56:51: Middleware: Path=/pnl, Token=true, IsAuthenticated=true, LoginPage=false, ProtectedPage=true
2025-05-26T04:56:51: Middleware: Path=/settings, Token=true, IsAuthenticated=true, LoginPage=false, ProtectedPage=true
2025-05-26T04:57:01: Middleware: Path=/strategies, Token=true, IsAuthenticated=true, LoginPage=false, ProtectedPage=true
2025-05-26T04:57:01: Middleware: Path=/dashboard, Token=true, IsAuthenticated=true, LoginPage=false, ProtectedPage=true
2025-05-26T04:57:01: Middleware: Path=/orders, Token=true, IsAuthenticated=true, LoginPage=false, ProtectedPage=true
2025-05-26T04:57:01: Middleware: Path=/pnl, Token=true, IsAuthenticated=true, LoginPage=false, ProtectedPage=true
2025-05-26T04:57:01: Middleware: Path=/settings, Token=true, IsAuthenticated=true, LoginPage=false, ProtectedPage=true
2025-05-26T04:57:01: Middleware: Path=/portfolio, Token=true, IsAuthenticated=true, LoginPage=false, ProtectedPage=true
2025-05-26T04:59:57: Middleware: Path=/strategies, Token=true, IsAuthenticated=true, LoginPage=false, ProtectedPage=true
2025-05-26T04:59:57: Middleware: Path=/dashboard, Token=true, IsAuthenticated=true, LoginPage=false, ProtectedPage=true
2025-05-26T04:59:57: Middleware: Path=/orders, Token=true, IsAuthenticated=true, LoginPage=false, ProtectedPage=true
2025-05-26T04:59:57: Middleware: Path=/settings, Token=true, IsAuthenticated=true, LoginPage=false, ProtectedPage=true
2025-05-26T04:59:57: Middleware: Path=/portfolio, Token=true, IsAuthenticated=true, LoginPage=false, ProtectedPage=true
2025-05-26T04:59:57: Middleware: Path=/pnl, Token=true, IsAuthenticated=true, LoginPage=false, ProtectedPage=true
2025-05-26T05:01:57: Middleware: Path=/strategies, Token=true, IsAuthenticated=true, LoginPage=false, ProtectedPage=true
2025-05-26T05:01:58: Middleware: Path=/dashboard, Token=true, IsAuthenticated=true, LoginPage=false, ProtectedPage=true
2025-05-26T05:01:58: Middleware: Path=/orders, Token=true, IsAuthenticated=true, LoginPage=false, ProtectedPage=true
2025-05-26T05:01:58: Middleware: Path=/portfolio, Token=true, IsAuthenticated=true, LoginPage=false, ProtectedPage=true
2025-05-26T05:01:58: Middleware: Path=/settings, Token=true, IsAuthenticated=true, LoginPage=false, ProtectedPage=true
2025-05-26T05:01:58: Middleware: Path=/pnl, Token=true, IsAuthenticated=true, LoginPage=false, ProtectedPage=true
2025-05-26T05:02:04: Middleware: Path=/strategies, Token=true, IsAuthenticated=true, LoginPage=false, ProtectedPage=true
2025-05-26T05:02:05: Middleware: Path=/dashboard, Token=true, IsAuthenticated=true, LoginPage=false, ProtectedPage=true
2025-05-26T05:02:05: Middleware: Path=/orders, Token=true, IsAuthenticated=true, LoginPage=false, ProtectedPage=true
2025-05-26T05:02:05: Middleware: Path=/portfolio, Token=true, IsAuthenticated=true, LoginPage=false, ProtectedPage=true
2025-05-26T05:02:05: Middleware: Path=/pnl, Token=true, IsAuthenticated=true, LoginPage=false, ProtectedPage=true
2025-05-26T05:02:05: Middleware: Path=/settings, Token=true, IsAuthenticated=true, LoginPage=false, ProtectedPage=true
2025-05-26T05:02:11: Middleware: Path=/orders, Token=true, IsAuthenticated=true, LoginPage=false, ProtectedPage=true
2025-05-26T05:02:12: Middleware: Path=/dashboard, Token=true, IsAuthenticated=true, LoginPage=false, ProtectedPage=true
2025-05-26T05:02:12: Middleware: Path=/strategies, Token=true, IsAuthenticated=true, LoginPage=false, ProtectedPage=true
2025-05-26T05:02:12: Middleware: Path=/portfolio, Token=true, IsAuthenticated=true, LoginPage=false, ProtectedPage=true
2025-05-26T05:02:12: Middleware: Path=/pnl, Token=true, IsAuthenticated=true, LoginPage=false, ProtectedPage=true
2025-05-26T05:02:12: Middleware: Path=/settings, Token=true, IsAuthenticated=true, LoginPage=false, ProtectedPage=true
2025-05-26T05:06:31: Middleware: Path=/strategies, Token=true, IsAuthenticated=true, LoginPage=false, ProtectedPage=true
2025-05-26T05:06:31: Middleware: Path=/dashboard, Token=true, IsAuthenticated=true, LoginPage=false, ProtectedPage=true
2025-05-26T05:06:32: Middleware: Path=/orders, Token=true, IsAuthenticated=true, LoginPage=false, ProtectedPage=true
2025-05-26T05:06:32: Middleware: Path=/pnl, Token=true, IsAuthenticated=true, LoginPage=false, ProtectedPage=true
2025-05-26T05:06:32: Middleware: Path=/settings, Token=true, IsAuthenticated=true, LoginPage=false, ProtectedPage=true
2025-05-26T05:06:32: Middleware: Path=/portfolio, Token=true, IsAuthenticated=true, LoginPage=false, ProtectedPage=true
2025-05-26T05:12:31: Middleware: Path=/strategies, Token=true, IsAuthenticated=true, LoginPage=false, ProtectedPage=true
2025-05-26T06:56:02: Middleware: Path=/login, Token=false, IsAuthenticated=false, LoginPage=true, ProtectedPage=false
2025-05-26T06:56:15: Middleware: Path=/dashboard, Token=true, IsAuthenticated=true, LoginPage=false, ProtectedPage=true
2025-05-26T06:56:15: Middleware: Path=/strategies, Token=true, IsAuthenticated=true, LoginPage=false, ProtectedPage=true
2025-05-26T06:56:15: Middleware: Path=/orders, Token=true, IsAuthenticated=true, LoginPage=false, ProtectedPage=true
2025-05-26T06:56:15: Middleware: Path=/pnl, Token=true, IsAuthenticated=true, LoginPage=false, ProtectedPage=true
2025-05-26T06:56:15: Middleware: Path=/portfolio, Token=true, IsAuthenticated=true, LoginPage=false, ProtectedPage=true
2025-05-26T06:56:15: Middleware: Path=/settings, Token=true, IsAuthenticated=true, LoginPage=false, ProtectedPage=true
2025-05-26T06:57:45: Middleware: Path=/dashboard, Token=true, IsAuthenticated=true, LoginPage=false, ProtectedPage=true
2025-05-26T06:57:45: Middleware: Path=/strategies, Token=true, IsAuthenticated=true, LoginPage=false, ProtectedPage=true
2025-05-26T06:57:45: Middleware: Path=/orders, Token=true, IsAuthenticated=true, LoginPage=false, ProtectedPage=true
2025-05-26T06:57:45: Middleware: Path=/pnl, Token=true, IsAuthenticated=true, LoginPage=false, ProtectedPage=true
2025-05-26T06:57:45: Middleware: Path=/portfolio, Token=true, IsAuthenticated=true, LoginPage=false, ProtectedPage=true
2025-05-26T06:57:45: Middleware: Path=/settings, Token=true, IsAuthenticated=true, LoginPage=false, ProtectedPage=true
2025-05-26T07:10:56: Middleware: Path=/dashboard, Token=true, IsAuthenticated=true, LoginPage=false, ProtectedPage=true
2025-05-26T10:35:17: Middleware: Path=/login, Token=false, IsAuthenticated=false, LoginPage=true, ProtectedPage=false
2025-05-26T10:35:32: Middleware: Path=/dashboard, Token=true, IsAuthenticated=true, LoginPage=false, ProtectedPage=true
2025-05-26T10:35:32: Middleware: Path=/strategies, Token=true, IsAuthenticated=true, LoginPage=false, ProtectedPage=true
2025-05-26T10:35:32: Middleware: Path=/orders, Token=true, IsAuthenticated=true, LoginPage=false, ProtectedPage=true
2025-05-26T10:35:32: Middleware: Path=/portfolio, Token=true, IsAuthenticated=true, LoginPage=false, ProtectedPage=true
2025-05-26T10:35:32: Middleware: Path=/pnl, Token=true, IsAuthenticated=true, LoginPage=false, ProtectedPage=true
2025-05-26T10:35:32: Middleware: Path=/settings, Token=true, IsAuthenticated=true, LoginPage=false, ProtectedPage=true
2025-05-26T10:47:15: Middleware: Path=/dashboard, Token=false, IsAuthenticated=false, LoginPage=false, ProtectedPage=true
2025-05-26T10:47:15: Middleware: Redirecting unauthenticated user from protected page to login
2025-05-26T10:47:15: Middleware: Path=/login?t=1748256435521, Token=false, IsAuthenticated=false, LoginPage=true, ProtectedPage=false
2025-05-26T10:56:50: Middleware: Path=/dashboard, Token=true, IsAuthenticated=true, LoginPage=false, ProtectedPage=true
2025-05-26T11:32:28: Middleware: Path=/dashboard, Token=true, IsAuthenticated=true, LoginPage=false, ProtectedPage=true
2025-05-26T12:46:57: Middleware: Path=/login, Token=false, IsAuthenticated=false, LoginPage=true, ProtectedPage=false
2025-05-26T12:46:57: Middleware: Path=/login, Token=false, IsAuthenticated=false, LoginPage=true, ProtectedPage=false
2025-05-26T12:47:00: Middleware: Path=/login, Token=false, IsAuthenticated=false, LoginPage=true, ProtectedPage=false
2025-05-26T12:47:05: Middleware: Path=/login, Token=false, IsAuthenticated=false, LoginPage=true, ProtectedPage=false
2025-05-26T12:47:12: Middleware: Path=/login, Token=false, IsAuthenticated=false, LoginPage=true, ProtectedPage=false
2025-05-26T17:24:05: Middleware: Path=/login, Token=false, IsAuthenticated=false, LoginPage=true, ProtectedPage=false
2025-05-26T17:24:22: Middleware: Path=/login, Token=false, IsAuthenticated=false, LoginPage=true, ProtectedPage=false
2025-05-26T17:24:25: Middleware: Path=/dashboard, Token=true, IsAuthenticated=true, LoginPage=false, ProtectedPage=true
2025-05-26T17:24:25: Middleware: Path=/orders, Token=true, IsAuthenticated=true, LoginPage=false, ProtectedPage=true
2025-05-26T17:24:25: Middleware: Path=/strategies, Token=true, IsAuthenticated=true, LoginPage=false, ProtectedPage=true
2025-05-26T17:24:25: Middleware: Path=/portfolio, Token=true, IsAuthenticated=true, LoginPage=false, ProtectedPage=true
2025-05-26T17:24:25: Middleware: Path=/pnl, Token=true, IsAuthenticated=true, LoginPage=false, ProtectedPage=true
2025-05-26T17:24:25: Middleware: Path=/settings, Token=true, IsAuthenticated=true, LoginPage=false, ProtectedPage=true
2025-05-26T17:26:35: Middleware: Path=/login, Token=false, IsAuthenticated=false, LoginPage=true, ProtectedPage=false
2025-05-27T12:29:21: Middleware: Path=/dashboard, Token=true, IsAuthenticated=true, LoginPage=false, ProtectedPage=true
2025-05-27T12:29:22: Middleware: Path=/strategies, Token=true, IsAuthenticated=true, LoginPage=false, ProtectedPage=true
2025-05-27T12:29:22: Middleware: Path=/pnl, Token=true, IsAuthenticated=true, LoginPage=false, ProtectedPage=true
2025-05-27T12:29:22: Middleware: Path=/settings, Token=true, IsAuthenticated=true, LoginPage=false, ProtectedPage=true
2025-05-27T12:29:22: Middleware: Path=/orders, Token=true, IsAuthenticated=true, LoginPage=false, ProtectedPage=true
2025-05-27T12:29:22: Middleware: Path=/portfolio, Token=true, IsAuthenticated=true, LoginPage=false, ProtectedPage=true
2025-05-27T13:55:08: Middleware: Path=/dashboard, Token=true, IsAuthenticated=true, LoginPage=false, ProtectedPage=true
2025-05-27T13:55:08: Middleware: Path=/strategies, Token=true, IsAuthenticated=true, LoginPage=false, ProtectedPage=true
2025-05-27T13:55:08: Middleware: Path=/orders, Token=true, IsAuthenticated=true, LoginPage=false, ProtectedPage=true
2025-05-27T13:55:08: Middleware: Path=/portfolio, Token=true, IsAuthenticated=true, LoginPage=false, ProtectedPage=true
2025-05-27T13:55:08: Middleware: Path=/pnl, Token=true, IsAuthenticated=true, LoginPage=false, ProtectedPage=true
2025-05-27T13:55:08: Middleware: Path=/settings, Token=true, IsAuthenticated=true, LoginPage=false, ProtectedPage=true
2025-05-27T13:58:02: Middleware: Path=/dashboard, Token=true, IsAuthenticated=true, LoginPage=false, ProtectedPage=true
2025-05-27T13:58:02: Middleware: Path=/strategies, Token=true, IsAuthenticated=true, LoginPage=false, ProtectedPage=true
2025-05-27T13:58:02: Middleware: Path=/orders, Token=true, IsAuthenticated=true, LoginPage=false, ProtectedPage=true
2025-05-27T13:58:02: Middleware: Path=/pnl, Token=true, IsAuthenticated=true, LoginPage=false, ProtectedPage=true
2025-05-27T13:58:02: Middleware: Path=/portfolio, Token=true, IsAuthenticated=true, LoginPage=false, ProtectedPage=true
2025-05-27T13:58:02: Middleware: Path=/settings, Token=true, IsAuthenticated=true, LoginPage=false, ProtectedPage=true
2025-05-27T13:58:03: Middleware: Path=/dashboard, Token=true, IsAuthenticated=true, LoginPage=false, ProtectedPage=true
2025-05-27T13:58:03: Middleware: Path=/dashboard, Token=true, IsAuthenticated=true, LoginPage=false, ProtectedPage=true
2025-05-27T13:58:04: Middleware: Path=/dashboard, Token=true, IsAuthenticated=true, LoginPage=false, ProtectedPage=true
2025-05-27T13:58:04: Middleware: Path=/portfolio, Token=true, IsAuthenticated=true, LoginPage=false, ProtectedPage=true
2025-05-27T13:58:04: Middleware: Path=/orders, Token=true, IsAuthenticated=true, LoginPage=false, ProtectedPage=true
2025-05-27T13:58:04: Middleware: Path=/strategies, Token=true, IsAuthenticated=true, LoginPage=false, ProtectedPage=true
2025-05-27T13:58:04: Middleware: Path=/dashboard, Token=true, IsAuthenticated=true, LoginPage=false, ProtectedPage=true
2025-05-27T13:58:04: Middleware: Path=/dashboard, Token=true, IsAuthenticated=true, LoginPage=false, ProtectedPage=true
2025-05-27T13:58:04: Middleware: Path=/orders, Token=true, IsAuthenticated=true, LoginPage=false, ProtectedPage=true
2025-05-27T13:58:04: Middleware: Path=/portfolio, Token=true, IsAuthenticated=true, LoginPage=false, ProtectedPage=true
2025-05-27T13:58:04: Middleware: Path=/strategies, Token=true, IsAuthenticated=true, LoginPage=false, ProtectedPage=true
2025-05-27T13:58:04: Middleware: Path=/pnl, Token=true, IsAuthenticated=true, LoginPage=false, ProtectedPage=true
2025-05-27T13:58:04: Middleware: Path=/settings, Token=true, IsAuthenticated=true, LoginPage=false, ProtectedPage=true
2025-05-27T14:26:26: Middleware: Path=/dashboard, Token=true, IsAuthenticated=true, LoginPage=false, ProtectedPage=true
2025-05-27T14:28:42: Middleware: Path=/dashboard, Token=true, IsAuthenticated=true, LoginPage=false, ProtectedPage=true
2025-05-27T14:28:43: Middleware: Path=/orders, Token=true, IsAuthenticated=true, LoginPage=false, ProtectedPage=true
2025-05-27T14:28:43: Middleware: Path=/strategies, Token=true, IsAuthenticated=true, LoginPage=false, ProtectedPage=true
2025-05-27T14:28:43: Middleware: Path=/portfolio, Token=true, IsAuthenticated=true, LoginPage=false, ProtectedPage=true
2025-05-27T14:28:43: Middleware: Path=/pnl, Token=true, IsAuthenticated=true, LoginPage=false, ProtectedPage=true
2025-05-27T14:28:43: Middleware: Path=/settings, Token=true, IsAuthenticated=true, LoginPage=false, ProtectedPage=true
2025-05-28T16:51:59: Middleware: Path=/orders, Token=true, IsAuthenticated=true, LoginPage=false, ProtectedPage=true
2025-05-28T16:52:00: Middleware: Path=/dashboard, Token=true, IsAuthenticated=true, LoginPage=false, ProtectedPage=true
2025-05-28T16:52:00: Middleware: Path=/strategies, Token=true, IsAuthenticated=true, LoginPage=false, ProtectedPage=true
2025-05-28T16:52:00: Middleware: Path=/portfolio, Token=true, IsAuthenticated=true, LoginPage=false, ProtectedPage=true
2025-05-28T16:52:00: Middleware: Path=/pnl, Token=true, IsAuthenticated=true, LoginPage=false, ProtectedPage=true
2025-05-28T16:52:00: Middleware: Path=/settings, Token=true, IsAuthenticated=true, LoginPage=false, ProtectedPage=true
2025-05-29T11:54:02: Middleware: Path=/strategies, Token=true, IsAuthenticated=true, LoginPage=false, ProtectedPage=true
2025-05-29T19:15:36: 
2025-05-29T19:15:36: > trading-frontend@0.1.0 start
2025-05-29T19:15:36: > next start
2025-05-29T19:15:36: 
2025-05-29T19:15:37:    ▲ Next.js 15.3.2
2025-05-29T19:15:37:    - Local:        http://localhost:3000
2025-05-29T19:15:37:    - Network:      http://165.22.223.223:3000
2025-05-29T19:15:37: 
2025-05-29T19:15:37:  ✓ Starting...
2025-05-29T19:15:38:  ✓ Ready in 1341ms
2025-05-29T19:21:02: 
2025-05-29T19:21:02: > trading-frontend@0.1.0 start
2025-05-29T19:21:02: > next start
2025-05-29T19:21:02: 
2025-05-29T19:21:02:    ▲ Next.js 15.3.2
2025-05-29T19:21:02:    - Local:        http://localhost:3000
2025-05-29T19:21:02:    - Network:      http://165.22.223.223:3000
2025-05-29T19:21:02: 
2025-05-29T19:21:02:  ✓ Starting...
2025-05-29T19:21:03:  ✓ Ready in 768ms
2025-05-30T02:15:07: Middleware: Path=/dashboard, Token=true, IsAuthenticated=true, LoginPage=false, ProtectedPage=true
2025-05-30T02:15:08: Middleware: Path=/strategies, Token=true, IsAuthenticated=true, LoginPage=false, ProtectedPage=true
2025-05-30T02:15:08: Middleware: Path=/orders, Token=true, IsAuthenticated=true, LoginPage=false, ProtectedPage=true
2025-05-30T02:15:08: Middleware: Path=/portfolio, Token=true, IsAuthenticated=true, LoginPage=false, ProtectedPage=true
2025-05-30T02:15:08: Middleware: Path=/pnl, Token=true, IsAuthenticated=true, LoginPage=false, ProtectedPage=true
2025-05-30T02:15:08: Middleware: Path=/settings, Token=true, IsAuthenticated=true, LoginPage=false, ProtectedPage=true
2025-05-30T02:40:03: Middleware: Path=/dashboard, Token=true, IsAuthenticated=true, LoginPage=false, ProtectedPage=true
2025-05-30T02:40:04: Middleware: Path=/strategies, Token=true, IsAuthenticated=true, LoginPage=false, ProtectedPage=true
2025-05-30T02:40:04: Middleware: Path=/settings, Token=true, IsAuthenticated=true, LoginPage=false, ProtectedPage=true
2025-05-30T02:40:04: Middleware: Path=/portfolio, Token=true, IsAuthenticated=true, LoginPage=false, ProtectedPage=true
2025-05-30T02:40:04: Middleware: Path=/orders, Token=true, IsAuthenticated=true, LoginPage=false, ProtectedPage=true
2025-05-30T02:40:04: Middleware: Path=/pnl, Token=true, IsAuthenticated=true, LoginPage=false, ProtectedPage=true
2025-05-30T04:05:12: 
2025-05-30T04:05:12: > trading-frontend@0.1.0 start
2025-05-30T04:05:12: > next start
2025-05-30T04:05:12: 
2025-05-30T04:05:13:    ▲ Next.js 15.3.2
2025-05-30T04:05:13:    - Local:        http://localhost:3000
2025-05-30T04:05:13:    - Network:      http://165.22.223.223:3000
2025-05-30T04:05:13: 
2025-05-30T04:05:13:  ✓ Starting...
2025-05-30T04:05:14:  ✓ Ready in 1322ms
2025-05-30T04:06:53: 
2025-05-30T04:06:53: > trading-frontend@0.1.0 start
2025-05-30T04:06:53: > next start
2025-05-30T04:06:53: 
2025-05-30T04:06:54:    ▲ Next.js 15.3.2
2025-05-30T04:06:54:    - Local:        http://localhost:3000
2025-05-30T04:06:54:    - Network:      http://165.22.223.223:3000
2025-05-30T04:06:54: 
2025-05-30T04:06:54:  ✓ Starting...
2025-05-30T04:06:54:  ✓ Ready in 1047ms
2025-05-31T02:49:09: Middleware: Path=/dashboard, Token=true, IsAuthenticated=true, LoginPage=false, ProtectedPage=true
2025-05-31T02:49:09: Middleware: Path=/orders, Token=true, IsAuthenticated=true, LoginPage=false, ProtectedPage=true
2025-05-31T02:49:09: Middleware: Path=/portfolio, Token=true, IsAuthenticated=true, LoginPage=false, ProtectedPage=true
2025-05-31T02:49:09: Middleware: Path=/pnl, Token=true, IsAuthenticated=true, LoginPage=false, ProtectedPage=true
2025-05-31T02:49:09: Middleware: Path=/settings, Token=true, IsAuthenticated=true, LoginPage=false, ProtectedPage=true
2025-05-31T09:12:36: 
2025-05-31T09:12:36: > trading-frontend@0.1.0 start
2025-05-31T09:12:36: > next start
2025-05-31T09:12:36: 
2025-05-31T09:12:36:    ▲ Next.js 15.3.2
2025-05-31T09:12:36:    - Local:        http://localhost:3000
2025-05-31T09:12:36:    - Network:      http://165.22.223.223:3000
2025-05-31T09:12:36: 
2025-05-31T09:12:36:  ✓ Starting...
2025-05-31T09:12:37:  ✓ Ready in 760ms
2025-05-31T09:13:48: Middleware: Path=/strategies, Token=true, IsAuthenticated=true, LoginPage=false, ProtectedPage=true
2025-05-31T09:13:49: Middleware: Path=/dashboard, Token=true, IsAuthenticated=true, LoginPage=false, ProtectedPage=true
2025-05-31T09:13:49: Middleware: Path=/orders, Token=true, IsAuthenticated=true, LoginPage=false, ProtectedPage=true
2025-05-31T09:13:49: Middleware: Path=/settings, Token=true, IsAuthenticated=true, LoginPage=false, ProtectedPage=true
2025-05-31T09:13:49: Middleware: Path=/portfolio, Token=true, IsAuthenticated=true, LoginPage=false, ProtectedPage=true
2025-05-31T09:13:49: Middleware: Path=/pnl, Token=true, IsAuthenticated=true, LoginPage=false, ProtectedPage=true
2025-05-31T09:18:43: Middleware: Path=/dashboard, Token=true, IsAuthenticated=true, LoginPage=false, ProtectedPage=true
2025-05-31T09:18:44: Middleware: Path=/strategies, Token=true, IsAuthenticated=true, LoginPage=false, ProtectedPage=true
2025-05-31T09:18:44: Middleware: Path=/portfolio, Token=true, IsAuthenticated=true, LoginPage=false, ProtectedPage=true
2025-05-31T09:18:44: Middleware: Path=/settings, Token=true, IsAuthenticated=true, LoginPage=false, ProtectedPage=true
2025-05-31T09:18:44: Middleware: Path=/pnl, Token=true, IsAuthenticated=true, LoginPage=false, ProtectedPage=true
2025-05-31T09:18:44: Middleware: Path=/orders, Token=true, IsAuthenticated=true, LoginPage=false, ProtectedPage=true
2025-05-31T09:23:18: Middleware: Path=/login, Token=false, IsAuthenticated=false, LoginPage=true, ProtectedPage=false
2025-05-31T09:23:18: Middleware: Path=/login, Token=false, IsAuthenticated=false, LoginPage=true, ProtectedPage=false
2025-05-31T09:23:20: Middleware: Path=/login, Token=false, IsAuthenticated=false, LoginPage=true, ProtectedPage=false
2025-05-31T09:23:28: Middleware: Path=/dashboard, Token=true, IsAuthenticated=true, LoginPage=false, ProtectedPage=true
2025-05-31T09:23:28: Middleware: Path=/strategies, Token=true, IsAuthenticated=true, LoginPage=false, ProtectedPage=true
2025-05-31T09:23:28: Middleware: Path=/orders, Token=true, IsAuthenticated=true, LoginPage=false, ProtectedPage=true
2025-05-31T09:23:28: Middleware: Path=/portfolio, Token=true, IsAuthenticated=true, LoginPage=false, ProtectedPage=true
2025-05-31T09:23:28: Middleware: Path=/pnl, Token=true, IsAuthenticated=true, LoginPage=false, ProtectedPage=true
2025-05-31T09:23:28: Middleware: Path=/settings, Token=true, IsAuthenticated=true, LoginPage=false, ProtectedPage=true
2025-06-01T09:28:37: 
2025-06-01T09:28:37: > trading-frontend@0.1.0 start
2025-06-01T09:28:37: > next start
2025-06-01T09:28:37: 
2025-06-01T09:28:38:    ▲ Next.js 15.3.3
2025-06-01T09:28:38:    - Local:        http://localhost:3000
2025-06-01T09:28:38:    - Network:      http://165.22.223.223:3000
2025-06-01T09:28:38: 
2025-06-01T09:28:38:  ✓ Starting...
2025-06-01T09:28:41: 
2025-06-01T09:28:41: > trading-frontend@0.1.0 start
2025-06-01T09:28:41: > next start
2025-06-01T09:28:41: 
2025-06-01T09:28:41:    ▲ Next.js 15.3.3
2025-06-01T09:28:41:    - Local:        http://localhost:3000
2025-06-01T09:28:41:    - Network:      http://165.22.223.223:3000
2025-06-01T09:28:41: 
2025-06-01T09:28:41:  ✓ Starting...
2025-06-01T09:28:44: 
2025-06-01T09:28:44: > trading-frontend@0.1.0 start
2025-06-01T09:28:44: > next start
2025-06-01T09:28:44: 
2025-06-01T09:28:44:    ▲ Next.js 15.3.3
2025-06-01T09:28:44:    - Local:        http://localhost:3000
2025-06-01T09:28:44:    - Network:      http://165.22.223.223:3000
2025-06-01T09:28:44: 
2025-06-01T09:28:44:  ✓ Starting...
2025-06-01T09:28:47: 
2025-06-01T09:28:47: > trading-frontend@0.1.0 start
2025-06-01T09:28:47: > next start
2025-06-01T09:28:47: 
2025-06-01T09:28:48:    ▲ Next.js 15.3.3
2025-06-01T09:28:48:    - Local:        http://localhost:3000
2025-06-01T09:28:48:    - Network:      http://165.22.223.223:3000
2025-06-01T09:28:48: 
2025-06-01T09:28:48:  ✓ Starting...
2025-06-01T09:28:50: 
2025-06-01T09:28:50: > trading-frontend@0.1.0 start
2025-06-01T09:28:50: > next start
2025-06-01T09:28:50: 
2025-06-01T09:28:51:    ▲ Next.js 15.3.3
2025-06-01T09:28:51:    - Local:        http://localhost:3000
2025-06-01T09:28:51:    - Network:      http://165.22.223.223:3000
2025-06-01T09:28:51: 
2025-06-01T09:28:51:  ✓ Starting...
2025-06-01T09:28:53: 
2025-06-01T09:28:53: > trading-frontend@0.1.0 start
2025-06-01T09:28:53: > next start
2025-06-01T09:28:53: 
2025-06-01T09:28:54:    ▲ Next.js 15.3.3
2025-06-01T09:28:54:    - Local:        http://localhost:3000
2025-06-01T09:28:54:    - Network:      http://165.22.223.223:3000
2025-06-01T09:28:54: 
2025-06-01T09:28:54:  ✓ Starting...
2025-06-01T09:28:56: 
2025-06-01T09:28:56: > trading-frontend@0.1.0 start
2025-06-01T09:28:56: > next start
2025-06-01T09:28:56: 
2025-06-01T09:28:57:    ▲ Next.js 15.3.3
2025-06-01T09:28:57:    - Local:        http://localhost:3000
2025-06-01T09:28:57:    - Network:      http://165.22.223.223:3000
2025-06-01T09:28:57: 
2025-06-01T09:28:57:  ✓ Starting...
2025-06-01T09:28:59: 
2025-06-01T09:28:59: > trading-frontend@0.1.0 start
2025-06-01T09:28:59: > next start
2025-06-01T09:28:59: 
2025-06-01T09:29:00:    ▲ Next.js 15.3.3
2025-06-01T09:29:00:    - Local:        http://localhost:3000
2025-06-01T09:29:00:    - Network:      http://165.22.223.223:3000
2025-06-01T09:29:00: 
2025-06-01T09:29:00:  ✓ Starting...
2025-06-01T09:29:02: 
2025-06-01T09:29:02: > trading-frontend@0.1.0 start
2025-06-01T09:29:02: > next start
2025-06-01T09:29:02: 
2025-06-01T09:29:03:    ▲ Next.js 15.3.3
2025-06-01T09:29:03:    - Local:        http://localhost:3000
2025-06-01T09:29:03:    - Network:      http://165.22.223.223:3000
2025-06-01T09:29:03: 
2025-06-01T09:29:03:  ✓ Starting...
2025-06-01T09:29:05: 
2025-06-01T09:29:05: > trading-frontend@0.1.0 start
2025-06-01T09:29:05: > next start
2025-06-01T09:29:05: 
2025-06-01T09:29:06:    ▲ Next.js 15.3.3
2025-06-01T09:29:06:    - Local:        http://localhost:3000
2025-06-01T09:29:06:    - Network:      http://165.22.223.223:3000
2025-06-01T09:29:06: 
2025-06-01T09:29:06:  ✓ Starting...
2025-06-01T09:40:13: 
2025-06-01T09:40:13: > trading-frontend@0.1.0 start
2025-06-01T09:40:13: > next start
2025-06-01T09:40:13: 
2025-06-01T09:40:15:    ▲ Next.js 15.3.3
2025-06-01T09:40:15:    - Local:        http://localhost:3000
2025-06-01T09:40:15:    - Network:      http://165.22.223.223:3000
2025-06-01T09:40:15: 
2025-06-01T09:40:15:  ✓ Starting...
2025-06-01T09:40:19: 
2025-06-01T09:40:19: > trading-frontend@0.1.0 start
2025-06-01T09:40:19: > next start
2025-06-01T09:40:19: 
2025-06-01T09:40:24: 
2025-06-01T09:40:24: > trading-frontend@0.1.0 start
2025-06-01T09:40:24: > next start
2025-06-01T09:40:24: 
2025-06-01T09:40:25:    ▲ Next.js 15.3.3
2025-06-01T09:40:25:    - Local:        http://localhost:3000
2025-06-01T09:40:25:    - Network:      http://165.22.223.223:3000
2025-06-01T09:40:25: 
2025-06-01T09:40:25:  ✓ Starting...
2025-06-01T09:40:28: 
2025-06-01T09:40:28: > trading-frontend@0.1.0 start
2025-06-01T09:40:28: > next start
2025-06-01T09:40:28: 
2025-06-01T09:40:30:    ▲ Next.js 15.3.3
2025-06-01T09:40:30:    - Local:        http://localhost:3000
2025-06-01T09:40:30:    - Network:      http://165.22.223.223:3000
2025-06-01T09:40:30: 
2025-06-01T09:40:30:  ✓ Starting...
2025-06-01T09:40:33: 
2025-06-01T09:40:33: > trading-frontend@0.1.0 start
2025-06-01T09:40:33: > next start
2025-06-01T09:40:33: 
2025-06-01T09:40:36: 
2025-06-01T09:40:36: > trading-frontend@0.1.0 start
2025-06-01T09:40:36: > next start
2025-06-01T09:40:36: 
2025-06-01T09:40:37:    ▲ Next.js 15.3.3
2025-06-01T09:40:37:    - Local:        http://localhost:3000
2025-06-01T09:40:37:    - Network:      http://165.22.223.223:3000
2025-06-01T09:40:37: 
2025-06-01T09:40:37:  ✓ Starting...
2025-06-01T09:40:40: 
2025-06-01T09:40:40: > trading-frontend@0.1.0 start
2025-06-01T09:40:40: > next start
2025-06-01T09:40:40: 
2025-06-01T09:40:40:    ▲ Next.js 15.3.3
2025-06-01T09:40:40:    - Local:        http://localhost:3000
2025-06-01T09:40:40:    - Network:      http://165.22.223.223:3000
2025-06-01T09:40:40: 
2025-06-01T09:40:40:  ✓ Starting...
2025-06-01T09:40:43: 
2025-06-01T09:40:43: > trading-frontend@0.1.0 start
2025-06-01T09:40:43: > next start
2025-06-01T09:40:43: 
2025-06-01T09:40:44:    ▲ Next.js 15.3.3
2025-06-01T09:40:44:    - Local:        http://localhost:3000
2025-06-01T09:40:44:    - Network:      http://165.22.223.223:3000
2025-06-01T09:40:44: 
2025-06-01T09:40:44:  ✓ Starting...
2025-06-01T09:40:46: 
2025-06-01T09:40:46: > trading-frontend@0.1.0 start
2025-06-01T09:40:46: > next start
2025-06-01T09:40:46: 
2025-06-01T09:40:47:    ▲ Next.js 15.3.3
2025-06-01T09:40:47:    - Local:        http://localhost:3000
2025-06-01T09:40:47:    - Network:      http://165.22.223.223:3000
2025-06-01T09:40:47: 
2025-06-01T09:40:47:  ✓ Starting...
2025-06-01T09:40:49: 
2025-06-01T09:40:49: > trading-frontend@0.1.0 start
2025-06-01T09:40:49: > next start
2025-06-01T09:40:49: 
2025-06-01T09:40:50:    ▲ Next.js 15.3.3
2025-06-01T09:40:50:    - Local:        http://localhost:3000
2025-06-01T09:40:50:    - Network:      http://165.22.223.223:3000
2025-06-01T09:40:50: 
2025-06-01T09:40:50:  ✓ Starting...
